20240218	04:45:52	3b2fe427-31c8-4d1e-9535-13aba0fcd9ea	GET	/	undefined
20240218	04:45:52	7e65a6bc-0fb6-430b-9366-7cb7fdc07fec	GET	/css/style.css	undefined
20240218	04:45:52	307d1abd-c4ce-41f8-9643-cb1e6df73224	GET	/favicon.ico	undefined
20240218	04:46:05	b1fc69bf-3bc7-4877-aef9-12ef5305e07c	GET	/pg	undefined
20240218	04:46:05	3a67e64e-ddb3-48e3-8032-b829684b5566	GET	/css/style.css	undefined
20240218	04:46:12	e0fe045e-f88c-4bd1-a099-5035ad6effaa	GET	/	undefined
20240218	04:46:12	a618d09c-9c37-43b9-b5ef-b46f8cf37cf8	GET	/css/style.css	undefined
20240218	04:46:47	e8abbadb-6792-476e-96c3-898087b9c536	GET	/player	undefined
20240218	04:46:47	b2d8ae5d-6678-4f01-82c7-4837767627af	GET	/css/style.css	undefined
20240218	04:46:53	06cd9e01-8e69-4b83-b4d6-e144ffe4c0d9	GET	/player/stats	undefined
20240218	04:46:53	cea3d732-e86e-44a5-bd73-93a48b876903	GET	/player/css/style.css	undefined
20240218	04:47:00	389af841-5a58-4314-ac8b-6bfddc6359a5	GET	/stats	undefined
20240218	04:47:00	3b99921a-3fae-4e2d-be98-fd37faac6b4a	GET	/css/style.css	undefined
20240218	04:49:15	40aa22db-37e6-4847-affd-b286fdf6e887	GET	/player	undefined
20240218	04:49:15	e931f5bd-82ec-4023-85e7-49eafb6ff016	GET	/css/style.css	undefined
20240218	04:49:41	7122b412-4d33-4709-8c75-7aabf1a93b5f	GET	/player	undefined
20240218	04:49:41	458a654b-0cf2-4f17-bc3f-684973617300	GET	/css/style.css	undefined
20240218	04:50:53	89d4db54-001b-4e5a-a189-803fe64df941	GET	/player	undefined
20240218	04:50:53	bdc8477a-dcd8-40d6-b31c-cf0f00ffd81d	GET	/css/style.css	undefined
20240218	04:50:57	7ba4ff63-caba-4bf9-b4bf-6c6c6a041e51	GET	/player/stats	undefined
20240218	04:56:57	51ed8546-683d-4b15-849e-46a5a2de0848	GET	/avg	undefined
20240218	04:56:57	0d8fe0bc-0ee6-47c5-8c3a-755f0cefc968	GET	/css/style.css	undefined
20240218	04:57:41	7bad0e81-cc2d-426b-868a-dbc2b56c860c	GET	/	undefined
20240218	04:57:41	beebf8d3-c4c2-44bd-8125-52e0415640bb	GET	/css/style.css	undefined
20240218	04:57:51	93afc521-a31c-4fce-a145-9f62a594b8f3	GET	/player/stats	undefined
20240218	04:58:00	d53f13d3-ccc9-4f8c-90b5-7c3bc6391bc7	GET	/avg/stats	undefined
20240218	04:58:04	d45fc5f8-8ed8-4434-9bdf-3dfece32ec47	GET	/avg/pg	undefined
20240218	04:58:04	3c708d51-e58d-457e-8c21-13e496b82a8e	GET	/avg/css/style.css	undefined
20240218	04:58:08	aba38eab-ec80-49e9-a528-10aadd1af107	GET	/avg/sg	undefined
20240218	04:58:08	892f25b4-0eac-465b-b10b-cb816b63cc27	GET	/avg/css/style.css	undefined
20240218	04:58:15	dc4bf50a-1dfb-4662-9cab-85d37db033d7	GET	/avg/stats/pg	undefined
20240218	04:58:26	86ffec1a-0d6b-44c6-b11c-8ef83c820a2a	GET	/avg/stats/sf	undefined
20240218	05:06:36	a92a3df2-877b-4ce4-ba76-1394a6c1b347	GET	/avg/pg	undefined
20240218	05:06:41	00ce947f-c086-4716-8aa6-1fb274a5d25e	GET	/avg/c	undefined
20240218	08:21:34	8b8e761a-227a-4cd4-b558-e7bfaefb239b	GET	/player/stats	undefined
20240218	08:22:24	542c66e0-1054-4d6f-8dfb-7549c31ce643	GET	/avg/pg	undefined
20240218	10:31:02	a74b8e59-bd74-48ce-b94e-c521c19d5d69	GET	/	undefined
20240218	10:31:02	e666ae01-9351-405f-a9f3-e1339b8bfc5b	GET	/css/style.css	undefined
20240218	10:31:10	0f75d2bd-af9e-47e4-8e4f-8d0da935a086	GET	/auth	undefined
20240218	10:31:10	934590bb-c013-458c-807a-5fcc7b79e058	GET	/css/style.css	undefined
20240218	10:34:45	6242c97b-9493-4a20-b5f6-f139af144027	GET	/login	undefined
20240218	10:34:45	8d699dcc-2edc-4dd5-9e7a-e9f800b933f4	GET	/css/style.css	undefined
20240218	10:35:50	ef6044ae-0fa5-4a9a-af57-e1958a27bcbb	GET	/	undefined
20240218	10:35:50	32ca79d7-7e50-4508-b62a-2491e6bda3cc	GET	/css/style.css	undefined
20240218	10:35:54	11cb4762-9c81-474e-a719-5b7927c71737	GET	/login	undefined
20240218	10:35:54	f6058eaa-8c05-4f44-9feb-7c86a0327340	GET	/css/style.css	undefined
20240218	10:37:31	6b3c07de-bd48-496d-ba7d-d1a6e10b5b88	GET	/	undefined
20240218	10:37:31	128f46ff-3355-413f-b4e0-c396e074c1af	GET	/css/style.css	undefined
20240218	10:45:42	b6dd7b4d-5886-463f-93ab-421726a7499c	GET	/	undefined
20240218	10:45:42	8bf03cb8-b822-4ae2-8f68-2caa26cc3d4d	GET	/css/style.css	undefined
20240218	10:45:49	e6fea20e-bffb-4d08-a657-0bf8788e9bd7	GET	/login	undefined
20240218	10:45:49	b76a559d-cb0c-44b7-8786-44ba1706433e	GET	/css/style.css	undefined
20240218	11:14:25	5be668f6-78ca-45e7-bc8c-7a693bc11785	GET	/	undefined
20240218	11:14:25	21043d28-a913-43f3-a144-c27943054892	GET	/css/style.css	undefined
20240218	11:14:36	f456d55f-9c8b-4923-b78d-3be75e82caf2	GET	/avg/pg	undefined
20240218	11:14:50	c5155f52-ea19-454c-8944-e452812c6e07	GET	/users	undefined
20240218	11:14:56	58d88356-b09a-4aa5-be74-06b58d8b72a4	GET	/users/auth	undefined
20240218	11:16:10	2b21e46a-1886-47bb-9a66-d88e99aaa5ab	GET	/	undefined
20240218	11:16:10	97f1d4e8-fcfe-4fbf-bd31-b7b3be7f6863	GET	/css/style.css	undefined
20240218	11:38:50	2f202edc-2782-4472-a14e-ab2c16a0083b	GET	/	undefined
20240218	11:38:50	ec437baf-9df5-40e6-a6e3-8d8cef17dbe2	GET	/css/style.css	undefined
20240218	11:38:54	43af0c2a-81f5-4e90-8d5d-604f620904b5	GET	/avg/pg	undefined
20240218	11:38:59	77c29e74-eb86-4899-a548-ef160364e984	GET	/avg	undefined
20240218	11:38:59	e015c76d-5eb3-4205-8a20-0a4dd7fa0c03	GET	/css/style.css	undefined
20240218	11:39:04	3b84a407-198e-4384-83d7-46e87aaff79c	GET	/avg/pg	undefined
20240218	11:39:48	e69da09f-ec03-4b0d-b417-fb435c56ae58	GET	/avg/pg	undefined
20240218	11:39:50	eb09e3dd-4bec-4ee1-b080-e5377e0c687d	GET	/avg/pg	undefined
20240218	13:26:31	8b012a13-ce5e-4560-9aea-ef415594885e	GET	/	undefined
20240218	13:26:31	81171714-c70d-4ad0-96cd-fffef1a682ba	GET	/css/style.css	undefined
20240218	13:26:42	b4cea6ab-414f-4d37-bfd0-cd2c215b37de	GET	/auth/login	undefined
20240218	13:26:42	14bfab40-a2d4-4046-a08c-872f5501941a	GET	/auth/css/style.css	undefined
20240218	13:26:50	a832bd19-6603-48d3-9137-457503f75567	GET	/auth	undefined
20240218	13:27:37	eb02c071-ce0e-4c6c-80ea-0b0646ddc814	GET	/auth	undefined
20240218	13:27:42	762d945a-62eb-45ca-9a11-3da79919f91c	GET	/auth/login	undefined
20240218	13:27:42	3631b838-86d1-4384-a5a3-c7ff1da17ce2	GET	/auth/css/style.css	undefined
20240218	13:27:49	4acc9ec4-b4af-46c5-ae3f-24b9f1479da1	GET	/avg/pg	undefined
20240218	13:30:49	bf2d14e5-9f13-4d13-854f-090ca6568546	GET	/auth/login	undefined
20240218	13:30:49	924e8f39-3a45-4c32-97d2-c011f34dbf6d	GET	/auth/css/style.css	undefined
20240218	13:31:01	f8703f9a-45a3-48ca-a3a5-7040d4575f80	GET	/auth	undefined
20240218	13:31:22	beeb31b2-00db-4212-a431-fb940378c322	GET	/users	undefined
20240218	13:39:43	60ca55f6-4148-4fda-ab67-5d8b5c420fcd	GET	/	undefined
20240218	13:39:43	9ef4628c-4830-47a9-8051-bfd2e4439a45	GET	/css/style.css	undefined
20240218	13:39:47	4c9c3caa-6c66-41dc-96b9-3820837c6329	GET	/register	undefined
20240218	13:39:47	7e6245e1-3173-43a1-a0c5-31cfe83d0589	GET	/css/style.css	undefined
20240218	13:55:36	9ca4dd8e-5f54-4a1a-b8d1-b6a7f13b85a0	GET	/	undefined
20240218	13:55:36	e0fdc54e-b391-411a-96fa-fbd4aee3a9c0	GET	/css/style.css	undefined
20240218	13:55:42	e8097589-2eb0-40b2-84d8-ab9508bdaa14	GET	/player/stats	undefined
20240218	14:02:55	98bdf5a7-362f-4d6c-9903-ab522c9c30f0	GET	/	undefined
20240218	14:02:55	3585bdb4-0733-4014-b7a5-979f96349262	GET	/css/style.css	undefined
20240218	14:02:59	cb39f361-e615-4a5a-ad31-7f1a41a0d3c4	GET	/register	undefined
20240218	14:02:59	1e92e7a3-fdb0-44ec-836c-94ef2549024d	GET	/css/style.css	undefined
20240218	14:03:12	bee71ec3-8294-4f7c-9db1-f728d328aed0	GET	/	undefined
20240218	14:03:12	f6db5802-51ba-4c8c-bb90-4fbf94bdcd85	GET	/css/style.css	undefined
20240218	14:03:18	206b7cc9-fb40-4bdc-9da2-e6162eb03322	GET	/auth	undefined
20240218	14:03:19	73694eef-86c5-466b-8f14-24ed026af4f0	GET	/auth	undefined
20240218	14:03:25	5f9a0ff6-6084-4bb4-9f3e-eda43ca0aa51	GET	/auth/register	undefined
20240218	14:03:25	246fb0ec-c058-4214-a907-dfa2b8a259a4	GET	/auth/css/style.css	undefined
20240218	14:38:40	91811df6-5bd0-4957-b629-4c54c9194a17	OPTIONS	/register	http://localhost:3001
20240218	14:40:51	7a8b8cf7-ac51-4007-8945-6cb710eaacd0	OPTIONS	/register	http://localhost:3001
20240218	15:29:32	7324aa09-0d3b-4565-a034-343c1dd6dcc5	OPTIONS	/register	http://localhost:3001
20240218	15:32:36	77a88908-cab7-4884-834d-00c72acb1777	OPTIONS	/register	http://localhost:3001
20240218	16:01:09	6e3415aa-2524-45fa-a936-92af87d23f55	OPTIONS	/register	http://localhost:3001
20240218	16:02:24	237df13e-7dac-43b3-8ab7-c7e38e8bb29a	GET	/	undefined
20240218	16:02:24	11469cf9-168d-4c53-b545-4e38e65f790f	GET	/css/style.css	undefined
20240218	16:02:28	f75a946b-1ac0-45e5-b2dd-f66c4ab81134	GET	/register	undefined
20240218	16:02:28	aba20f6b-f52e-4867-9126-d8aa31013817	GET	/css/style.css	undefined
20240218	16:08:51	b01311cd-c3f7-4e4f-8171-ab1c94dbf1e3	GET	/	undefined
20240218	16:08:51	05f3f67f-2d94-4f93-9cb4-e75d92586c7e	GET	/css/style.css	undefined
20240218	16:09:10	99d7e7ac-1dd5-4ac3-95a9-31b334989f86	GET	/	undefined
20240218	16:09:10	621d73d6-f330-418b-bad3-e44de3a73642	GET	/css/style.css	undefined
20240218	16:09:13	d93f8515-fe0b-4e2c-8407-f79c01dcd988	GET	/users	undefined
20240218	16:09:26	a6a8bbdc-e83b-4e8b-ae8f-e6f58f95e835	GET	/auth	undefined
20240218	16:09:29	e962bd82-47d9-44b3-8a72-8bf4b2c6e891	GET	/auth/users	undefined
20240218	16:09:29	86e78f30-51b0-4a2b-a96e-d3696d7e2718	GET	/auth/css/style.css	undefined
20240218	16:10:23	800534a6-3cfa-4ba9-8e7c-bcad7c9bfa74	GET	/auth	undefined
20240218	16:10:29	0cba6c98-d23a-4888-9b7b-08c66cf9eb19	GET	/register	undefined
20240218	16:10:29	68cce7a3-d9b3-4af9-8456-c20f56583e74	GET	/register	undefined
20240218	16:10:29	e558db18-b7af-4e85-bd07-ae2a357bab3e	GET	/css/style.css	undefined
20240218	16:47:26	6af08056-e36e-4fc5-bc5d-99675943cdab	OPTIONS	/register	http://localhost:3001
20240218	19:12:21	95eabb94-7e8f-4bca-8ed5-5596d800bac7	GET	/avg/pg	undefined
20240218	19:12:31	58de1c9f-b59e-4b3a-ba5d-1e18c5e1da30	GET	/users	undefined
20240218	19:12:31	11091a9b-bfe1-4770-a5d7-cb34d8d00fd2	GET	/users	undefined
20240218	19:12:36	010dcc61-d2a9-4d89-8211-f3b949ef73b0	GET	/auth	undefined
20240218	20:41:16	d0c06c6f-0071-4c0c-ad63-f41a437fbbd1	OPTIONS	/register	http://localhost:3001
20240218	20:52:04	fdf8208e-ccc0-4b2c-8db0-ee4859809991	OPTIONS	/register	http://localhost:3001
20240218	20:57:32	3b795512-2891-4fbc-a7ce-bddb99a8861b	OPTIONS	/register	http://localhost:3001
20240218	20:58:47	d40d6a4f-c667-4fff-b601-2c985b9788ba	OPTIONS	/register	http://localhost:3001
20240218	21:01:44	9e1655d3-e140-4a97-8eb6-c438cbd9a26f	OPTIONS	/register	http://localhost:3001
20240218	21:01:44	a9649c13-3af7-423a-b4d0-9eb7a33ca4b2	POST	/register	http://localhost:3001
20240218	21:02:04	27a6c907-2095-4998-bfa0-c1dc670931a7	OPTIONS	/register	http://localhost:3001
20240218	21:02:04	77209634-8217-4531-9439-4dec869b7c98	POST	/register	http://localhost:3001
20240218	21:02:16	8a095f77-7798-4753-a979-6775ed86b85b	OPTIONS	/register	http://localhost:3001
20240218	21:02:16	be99cbf7-5485-4d03-9cdf-08d56bb7ad8b	POST	/register	http://localhost:3001
20240218	21:08:34	2fc2a9fb-5e40-4e43-a4be-a6159a7d8036	OPTIONS	/auth/register	http://localhost:3001
20240218	21:08:34	d1df35b5-f092-4a4b-9b0a-9c91156ffbd7	POST	/auth/register	http://localhost:3001
20240218	21:10:24	4859f9e2-0746-4003-92a9-e5b3df3b4950	OPTIONS	/auth/register	http://localhost:3001
20240218	21:10:24	7a122067-8706-4a53-8e85-6f80d743e848	POST	/auth/register	http://localhost:3001
20240218	21:10:52	57acf762-fbe4-4396-ae29-5e50b07abbb1	OPTIONS	/auth/register	http://localhost:3001
20240218	21:10:52	20b45730-879c-4e3b-b60e-95eee6652e8b	POST	/auth/register	http://localhost:3001
20240218	21:12:45	47967d1d-c3f1-4ddb-ae37-a1b7bd02d6f1	OPTIONS	/auth/register	http://localhost:3001
20240218	21:12:45	774a27a1-0ca6-4ff6-a465-724c554c3bde	POST	/auth/register	http://localhost:3001
20240218	21:35:54	16432a26-2e35-426c-9c46-8e0c6004208b	OPTIONS	/auth/register	http://localhost:3001
20240218	21:35:54	abaece6c-4f63-42eb-917f-3324031a6266	POST	/auth/register	http://localhost:3001
20240218	21:48:24	3462420f-d7f0-4fdb-b783-732955d006e6	OPTIONS	/auth/register	http://localhost:3001
20240218	21:48:24	455eab8c-1b6b-4be6-a86e-fdccc0c34395	POST	/auth/register	http://localhost:3001
20240218	21:48:32	1942a562-6232-4f2d-892d-4dc8cc29ad3f	OPTIONS	/auth/register	http://localhost:3001
20240218	21:48:32	7c3f47b7-7444-4802-8f91-7ff7a51281be	POST	/auth/register	http://localhost:3001
20240218	21:50:32	7adcc304-5389-417c-854e-18ad3f5ab5ef	OPTIONS	/auth/register	http://localhost:3001
20240218	21:50:32	de144462-006f-4c58-90ec-2318715a18de	POST	/auth/register	http://localhost:3001
20240218	21:53:04	b439d83b-536a-4ff4-8062-33667121f56e	OPTIONS	/auth/register	http://localhost:3001
20240218	21:53:04	daa2778f-2624-4582-9e6b-185933275afc	POST	/auth/register	http://localhost:3001
20240218	21:53:10	2cc6663a-cc70-4e05-b7cf-09a658fdc492	OPTIONS	/auth/register	http://localhost:3001
20240218	21:53:10	951ccd1f-8203-41a7-8b32-5e5813bee884	POST	/auth/register	http://localhost:3001
20240218	21:53:33	b7d197a8-f988-43a4-a5ff-4fe1a68aee95	OPTIONS	/auth/register	http://localhost:3001
20240218	21:53:33	8ba54695-05ff-400c-bd2b-909ef803f6eb	POST	/auth/register	http://localhost:3001
20240218	21:56:08	86dd44d2-30e8-4c84-8531-5d7e8e0d1490	OPTIONS	/auth/register	http://localhost:3001
20240218	21:56:08	efb31e2c-b292-459a-b286-1b5cfff58069	POST	/auth/register	http://localhost:3001
20240218	22:01:43	617ae0a7-6004-4b1b-8e45-7bc20aa0d01e	OPTIONS	/auth/register	http://localhost:3001
20240218	22:01:43	7640d3d7-85f7-4956-911b-6a64eb1edd23	POST	/auth/register	http://localhost:3001
20240218	22:11:01	d10c9061-a194-456d-8c36-6381f47ef863	OPTIONS	/auth/register	http://localhost:3001
20240218	22:11:01	48eacf71-3129-49c0-acf4-ce221c6322a0	POST	/auth/register	http://localhost:3001
20240218	22:14:21	feaa7e92-7527-4006-a299-d8aa06fc2bf1	OPTIONS	/localhost:3001//auth/register	http://localhost:3001
20240218	22:14:21	dbcebde2-3e87-4677-ae08-29d0e5cd0724	POST	/localhost:3001//auth/register	http://localhost:3001
20240218	22:29:23	8ba9388f-0bce-419e-a925-14523882c326	OPTIONS	/auth/register	http://localhost:3001
20240218	22:29:23	3ce573f4-9454-4848-9c32-6d635bd32404	POST	/auth/register	http://localhost:3001
20240218	22:29:32	5cc0ba22-8980-4fad-97bb-02ff1bc8c575	OPTIONS	/auth/register	http://localhost:3001
20240218	22:29:32	9f42169d-0a04-427d-91cc-b644a8521053	POST	/auth/register	http://localhost:3001
20240218	22:29:50	eebc636e-b8f5-46ed-b68b-015e0bbbff55	OPTIONS	/auth/register	http://localhost:3001
20240218	22:29:50	80312422-0846-4d3a-8560-daa8fad837b5	POST	/auth/register	http://localhost:3001
20240218	22:30:16	38257c2c-6c20-495c-b038-78f33e13587c	OPTIONS	/auth/register	http://localhost:3001
20240218	22:30:16	c6360cc1-fa1f-4168-a595-aaed63ebb4fe	POST	/auth/register	http://localhost:3001
20240218	22:41:24	eddeec65-b290-44de-b042-e9d117410f79	OPTIONS	/auth/register	http://localhost:3001
20240218	22:41:24	5f51a445-2abc-43c1-908d-a54fcd319293	POST	/auth/register	http://localhost:3001
20240218	22:49:52	14c7117e-3700-4b82-b7f2-89897d849f98	OPTIONS	/auth/register	http://localhost:3001
20240218	22:49:52	9f3d3d53-ca4d-4456-9c45-b4cd5a8199e0	POST	/auth/register	http://localhost:3001
20240218	22:51:28	cd72ce82-110b-43e8-83da-56828d12ffb6	OPTIONS	/auth/register	http://localhost:3001
20240218	22:51:28	b21d3518-ef57-454d-bed4-6bce0224fb55	POST	/auth/register	http://localhost:3001
20240218	22:58:41	67f18dd9-7a40-4ffb-b429-15a66f9c2c89	OPTIONS	/auth/register	http://localhost:3001
20240218	22:58:41	e924165b-a156-41ed-92fd-3fd47833d1a5	POST	/auth/register	http://localhost:3001
20240218	23:00:15	9f9a0be8-3109-4487-8485-e144e50418ea	OPTIONS	/auth/register	http://localhost:3001
20240218	23:00:15	afe264de-c406-4f9f-8b48-435e7b87149a	POST	/auth/register	http://localhost:3001
20240218	23:00:27	bb7f2e02-855e-4770-9ee5-2a3f78a426fa	OPTIONS	/auth	http://localhost:3001
20240218	23:00:27	278cda9e-97d8-42e6-9fa0-593d7e5e1c19	POST	/auth	http://localhost:3001
20240218	23:00:56	cb0ffb1c-81a4-4880-82f7-d5462a0aa923	OPTIONS	/auth/register	http://localhost:3001
20240218	23:00:56	e9ffdb43-ba50-4287-8733-28c2eae59bdd	POST	/auth/register	http://localhost:3001
20240218	23:04:19	3868b1bd-4f91-4b99-a33b-d84bd56ca535	OPTIONS	/auth	http://localhost:3001
20240218	23:04:19	7ac01ef0-bad4-4b57-ab15-0c1eb82506f2	POST	/auth	http://localhost:3001
20240218	23:05:46	3aa2d707-560f-41d9-88b9-9347f2b6f03d	OPTIONS	/auth	http://localhost:3001
20240218	23:05:46	62d80e57-8693-40c6-b32a-37e98f644fb3	POST	/auth	http://localhost:3001
20240218	23:10:51	ccd32b33-92f4-40dc-bfa9-aa2fe1c28051	GET	/auth	undefined
20240218	23:10:51	ad766ece-dc74-460f-bedf-82cab7bb4ee9	GET	/css/style.css	undefined
20240218	23:12:00	d315c4ef-1e8f-4ad6-bedf-64ca33b8a9ea	OPTIONS	/auth/register	http://localhost:3001
20240218	23:12:00	32613633-a696-4ca5-afa1-c04ce8f6b6de	POST	/auth/register	http://localhost:3001
20240219	00:11:29	c1f42487-a78e-40cb-a1c8-3078c98556d4	OPTIONS	/auth/register	http://localhost:3001
20240219	00:11:29	b5f75bf2-0f06-4be7-b0d5-4a3175636c70	POST	/auth/register	http://localhost:3001
20240219	00:36:17	fded3daf-5886-40dc-a90b-db80590eaff4	OPTIONS	/auth	http://localhost:3001
20240219	00:36:17	c9118acd-b255-4c2c-a030-da146c1248fb	POST	/auth	http://localhost:3001
20240219	00:44:01	e3d676cb-97f7-4391-8b93-1c1381d18457	OPTIONS	/auth	http://localhost:3001
20240219	00:44:01	2509b092-1f7c-4291-87b3-bc36dd34e608	POST	/auth	http://localhost:3001
20240219	00:46:54	c145bd42-a85a-4ad9-a245-e6da4d5c4f7e	OPTIONS	/auth	http://localhost:3001
20240219	00:46:54	44f829db-726f-4160-9de4-b6d48c0e056b	POST	/auth	http://localhost:3001
20240219	00:47:24	7604cd85-9778-4507-8d89-c58637ab8fcb	OPTIONS	/auth	http://localhost:3001
20240219	00:47:24	2a04f297-d1f9-415c-a4f6-613d72cdecf6	POST	/auth	http://localhost:3001
20240219	00:47:32	a34ee2c6-4f72-4aed-9885-918fa245775c	OPTIONS	/auth	http://localhost:3001
20240219	00:47:32	b20ab8e5-709f-40a8-be0b-8b6ea42478db	POST	/auth	http://localhost:3001
20240219	00:47:33	18cc5099-f34e-453a-9802-8cffd0203fd0	POST	/auth	http://localhost:3001
20240219	00:47:39	75030339-4565-44b5-9528-5ff76ebf1bde	OPTIONS	/auth	http://localhost:3001
20240219	00:47:39	7d94aaac-063d-436e-a38e-af2650f5f2a2	POST	/auth	http://localhost:3001
20240219	00:47:40	33bc6472-cf5b-415f-b72c-a3fe88fccbbb	POST	/auth	http://localhost:3001
20240219	00:47:41	32a53301-6f23-4014-ba71-0e1ff933cb6c	POST	/auth	http://localhost:3001
20240219	00:51:14	d1cab6e5-5e22-4c7d-878c-f6c26c4fefa9	OPTIONS	/auth	http://localhost:3001
20240219	00:51:14	fc4b7983-5122-4883-8149-1b82c4b3508c	POST	/auth	http://localhost:3001
20240219	00:52:16	dba1ce14-47a2-486b-9435-bf17cd533178	OPTIONS	/auth	http://localhost:3001
20240219	00:52:16	3a4d94f7-42e1-49ff-8e47-11a7f9d8d992	POST	/auth	http://localhost:3001
20240219	00:52:22	449d7871-e7a5-4935-b36f-b9e3a22ff6b9	OPTIONS	/auth	http://localhost:3001
20240219	00:52:22	866c9a92-2cc5-4670-bdc9-6d5c880f6d80	POST	/auth	http://localhost:3001
20240219	00:53:03	d9b0092e-a150-4318-aee4-d8b5b9f9972f	OPTIONS	/auth	http://localhost:3001
20240219	00:53:03	8021c49a-3cde-474c-91a6-f5d8e8fdae07	POST	/auth	http://localhost:3001
20240219	00:53:10	b938f911-ab9e-4fba-b7ba-374abebc2a47	OPTIONS	/auth	http://localhost:3001
20240219	00:53:10	1d865761-ea34-4b21-a143-4b5dd62e739b	POST	/auth	http://localhost:3001
20240219	00:53:19	067d7934-1003-40e1-9250-c25ab8d261e5	OPTIONS	/auth	http://localhost:3001
20240219	00:53:19	10834951-eb0f-44c9-a533-ffe031cb55fe	POST	/auth	http://localhost:3001
20240219	00:53:20	3639bcf3-ddd2-4d51-aadc-a335ab49b77c	POST	/auth	http://localhost:3001
20240219	00:53:33	8365c437-52a1-4c64-8457-6a898e59e92d	OPTIONS	/auth	http://localhost:3001
20240219	00:53:34	4a403c64-4f3e-41e7-8386-9d798e50f7cb	POST	/auth	http://localhost:3001
20240219	00:54:45	1514ec77-41d7-4173-8283-733abf35632d	OPTIONS	/auth	http://localhost:3001
20240219	00:54:45	a232f669-27f0-4f0e-8861-725bacfdaac6	POST	/auth	http://localhost:3001
20240219	00:54:51	a03f9c61-6fef-44f7-8414-a984741a3617	OPTIONS	/auth	http://localhost:3001
20240219	00:54:51	906099d8-1bcc-439a-a498-bfa0046f8de1	POST	/auth	http://localhost:3001
20240219	00:54:52	cc0bb9db-1925-4847-82bc-e4a09f215421	POST	/auth	http://localhost:3001
20240219	00:54:53	54783ed8-c10c-414c-8325-2389053ff675	POST	/auth	http://localhost:3001
20240219	00:58:49	def3f423-c830-49a9-9474-09f6d6505bf8	OPTIONS	/auth	http://localhost:3001
20240219	00:58:49	138169da-cd27-415e-8161-c5c050e3cff1	POST	/auth	http://localhost:3001
20240219	01:07:50	92821a8e-4f06-4a0b-8d86-e35f21e76fc8	GET	/auth	undefined
20240219	01:07:50	67a463f2-d9ed-4d80-a31e-6ed579a5fed0	GET	/css/style.css	undefined
20240219	01:39:38	def6dea1-bdb6-4e24-8221-81bf0d5151b7	OPTIONS	/register	http://localhost:3001
20240219	01:39:38	0186c52e-be03-4b48-8935-63021929c515	POST	/register	http://localhost:3001
20240219	01:45:13	309b2244-1d37-4658-8526-5bfca87f65ac	GET	/auth/register	undefined
20240219	01:45:13	7a895f06-1615-4889-a7d0-051321c5a6a8	GET	/auth/css/style.css	undefined
20240219	01:45:33	2235fdff-264d-4406-85fa-24a0ab3c30f3	GET	/auth/register	undefined
20240219	01:45:33	c84b7424-2991-4ae2-ba25-8384e561f0e8	GET	/auth/css/style.css	undefined
20240219	01:53:32	64403d4b-d4e6-460c-a9a3-ba31ab25a523	GET	/auth/register	undefined
20240219	01:53:32	a4aca13b-04e3-4f5e-8f62-60f0f8cc32b2	GET	/auth/css/style.css	undefined
20240219	01:56:21	947d2a54-f807-4a23-af4a-e77d7c8d648e	GET	/users	undefined
20240219	01:56:24	552e4ff2-9606-4852-aee0-3568b4af9ccd	GET	/users	undefined
20240219	02:33:29	c5d74c6b-9edb-41fc-a593-99178ba7409c	OPTIONS	/auth/register	http://localhost:3001
20240219	02:33:29	bf6907db-9dde-407e-ad34-b07c9130195e	POST	/auth/register	http://localhost:3001
20240219	02:35:08	e7d6268c-bb97-4eae-a230-1753930e967b	OPTIONS	/auth	http://localhost:3001
20240219	02:35:08	c01f3ff5-b523-4f41-aa71-b45e66dd25eb	POST	/auth	http://localhost:3001
20240219	02:36:46	f963e894-5d55-4b49-8400-c3ac0112715f	OPTIONS	/auth	http://localhost:3001
20240219	02:36:46	5a20d1d3-0a5c-45b7-a084-7edf04b81403	POST	/auth	http://localhost:3001
20240219	02:37:10	e4da24d6-9d61-4e3e-b568-523277bbdeb0	OPTIONS	/auth/register	http://localhost:3001
20240219	02:37:10	45346a88-e5d7-45e4-8590-648e75a58877	POST	/auth/register	http://localhost:3001
20240219	02:40:08	64af0f3d-9ef3-4f6d-9aed-d5775f906c61	OPTIONS	/auth/register	http://localhost:3001
20240219	02:40:08	e083ee95-ea81-4356-ad6d-a82814ddea50	POST	/auth/register	http://localhost:3001
20240219	02:40:28	2a9d4166-7a5c-4b38-8d72-0e5bd5c444ff	OPTIONS	/auth/register	http://localhost:3001
20240219	02:40:28	28b35a91-5a5e-4c6c-bba4-5742eb6ef05d	POST	/auth/register	http://localhost:3001
20240219	02:41:37	23f4ec0c-06b8-4427-8f3a-d2b66aad1666	OPTIONS	/auth/register	http://localhost:3001
20240219	02:41:37	a1a79cca-0871-45d8-8244-fa300e5fddbd	POST	/auth/register	http://localhost:3001
20240219	02:43:23	ec9c9a05-2c76-4e76-94d4-c989d67c6d36	OPTIONS	/auth/register	http://localhost:3001
20240219	02:43:23	bfa12cc6-9d7e-4021-bee4-413dab0ffc98	POST	/auth/register	http://localhost:3001
20240219	02:43:28	921d9741-5582-4cae-bf9d-0f5ca73b0613	OPTIONS	/auth/register	http://localhost:3001
20240219	02:43:28	a79610b7-085c-4504-a289-d9bc4837610b	POST	/auth/register	http://localhost:3001
20240219	02:43:29	44f390f3-0ec7-46a9-9693-e2e260800252	POST	/auth/register	http://localhost:3001
20240219	02:43:31	9374d500-81e2-4f18-87ec-e20573a6fca2	POST	/auth/register	http://localhost:3001
20240219	02:43:32	d2462f5a-579a-48b7-81ba-3b204e6a73c6	POST	/auth/register	http://localhost:3001
20240219	02:43:33	997a27ab-31a2-41f3-a7f1-ec9a393ce858	POST	/auth/register	http://localhost:3001
20240219	02:43:33	75659261-def9-49e4-9284-a4d1e94c605a	OPTIONS	/auth/register	http://localhost:3001
20240219	02:43:33	0cd78e03-ebd5-4677-a89d-669a6a87695c	POST	/auth/register	http://localhost:3001
20240219	02:44:22	d1cf029b-ce05-4fde-809a-1e17c4e906aa	OPTIONS	/auth/register	http://localhost:3001
20240219	02:44:22	fa52186d-5017-4071-b99b-cba743623f2d	POST	/auth/register	http://localhost:3001
20240219	02:44:26	130a66f1-ffdf-407d-9786-ad9bb18f5c1f	POST	/auth/register	http://localhost:3001
20240219	02:44:26	e3cb3d9d-4a40-49ca-9027-f764b2f55586	POST	/auth/register	http://localhost:3001
20240219	02:45:00	f21109f4-8752-43ae-b10e-9f918abbf37e	OPTIONS	/auth	http://localhost:3001
20240219	02:45:00	cc23b728-afae-46b5-bae4-d98057d5b3e1	POST	/auth	http://localhost:3001
20240219	02:45:06	d7076564-1ea9-464d-aa84-e8dca275bf84	OPTIONS	/auth	http://localhost:3001
20240219	02:45:06	bb11ee99-f58a-4cac-b6e2-52c6121e9f86	POST	/auth	http://localhost:3001
20240219	02:45:08	065ed6fc-d994-456a-b23c-0fbbe55de9e9	POST	/auth	http://localhost:3001
20240219	02:45:09	c485a838-5eee-4286-95d3-462fef7167c6	POST	/auth	http://localhost:3001
20240219	02:46:52	02b561c0-8ed8-4c36-8b4c-4ef1d1f5e70c	OPTIONS	/auth	http://localhost:3001
20240219	02:46:52	b12d9115-cb98-4d6d-ae0a-ee823a203638	POST	/auth	http://localhost:3001
20240219	02:48:12	af9a87ee-24c5-42bc-ba86-e3beb849c9dc	POST	/auth	http://localhost:3001
20240219	02:48:15	1a430068-83b6-4fe9-8c69-16a465093c0f	POST	/auth	http://localhost:3001
20240219	02:48:26	4e5c4868-a5e4-41ac-85fc-adb8f97b8de1	POST	/auth	http://localhost:3001
20240219	02:48:33	0a5011c1-80c3-4d3d-8fe1-65b978836981	POST	/auth	http://localhost:3001
20240219	02:48:34	4a24cf77-5dc6-491f-b6ba-09719a6ea009	POST	/auth	http://localhost:3001
20240219	02:52:58	c9403b96-9264-49be-bcbc-0b9828def72d	POST	/auth	http://localhost:3001
20240219	02:52:59	53bc78c7-da40-42b6-bc67-c424caece1ec	POST	/auth	http://localhost:3001
20240219	03:14:00	c56736e2-9b54-4bc2-8680-a36830014353	GET	/	undefined
20240219	03:14:00	20247c9f-9b92-4018-ac51-029197ad2aa2	GET	/css/style.css	undefined
20240219	06:10:58	1ec90e42-6d7e-47dd-a58c-5dd473c98a03	GET	/avg/pg	undefined
20240219	06:11:00	5b7c4f5b-ee37-432d-9c02-85c72d374aec	GET	/avg/stats	undefined
20240219	06:11:00	32ef2067-6c6a-4071-bc19-5abbc87feea7	GET	/avg/css/style.css	undefined
20240219	06:11:17	90ba7e00-cf8e-43f7-bad4-5aabe17c1bfd	GET	/avg/pg	undefined
20240219	06:11:17	2cad537b-a4c9-4290-a122-a6b22cc363bb	GET	/avg/pg	undefined
20240219	06:11:17	853cacbf-285e-4ed4-830b-40ec82903af0	GET	/avg/css/style.css	undefined
20240219	06:12:47	3856d2fa-85ef-4911-b3f4-5ef5d21e0c4d	GET	/avg/pg	undefined
20240219	06:12:47	8d9956fe-d217-4ebc-8c6c-ade1eda082a5	GET	/avg/css/style.css	undefined
20240219	06:21:38	afa2bfd2-651e-4e0d-98bc-42c22aaa09d8	GET	/player/stats	undefined
20240219	06:21:41	daa243f8-a70e-493c-a798-24b601cbd7f9	GET	/player	undefined
20240219	06:21:47	7f16d202-4402-47cd-8acd-2a5e4dd4d832	GET	/player/stats	undefined
20240219	06:21:49	fe634ec4-17e8-4cb5-8ad1-3b6b4d65cb4a	GET	/player/stats	undefined
20240219	06:21:49	4510e78f-671f-416a-a806-42e512911c40	GET	/player/css/style.css	undefined
20240219	06:22:08	9da0631e-677c-474d-8bd3-6ba0e6902471	GET	/avg/pg	undefined
20240219	06:22:09	fad4ee7e-cbca-4523-bffb-cd43f1a1d798	GET	/avg/pg	undefined
20240219	06:22:09	a9a6852e-4188-4814-901c-23d490d796aa	GET	/avg/css/style.css	undefined
20240219	06:22:14	2c0f9b13-f19d-46c9-a3b1-2962853d7c20	GET	/avg	undefined
20240219	06:22:43	a3eab02b-2c5d-4a7f-b8a1-be403fd3aa26	GET	/avg	undefined
20240219	06:22:47	572a7d4e-afc5-4fbb-9576-b406c3d2d0c0	GET	/avg/pg	undefined
20240219	06:22:49	09cdd030-a040-462a-8aa0-36118f9be357	GET	/avg/pg	undefined
20240219	06:22:49	d98e5b5a-8b3f-4791-9048-f6da56e1c767	GET	/avg/css/style.css	undefined
20240219	06:24:38	9bf3d574-a6f0-4aa2-921a-8282deae91b4	GET	/avg/pg	undefined
20240219	06:24:38	f77ca07d-b242-49e8-857c-4fb9a6e46b56	GET	/avg/css/style.css	undefined
20240219	06:24:58	3e0cd0c0-4dcb-40d6-bd56-2d3c514c942c	GET	/avg/pg	undefined
20240219	06:24:58	409ffda1-86f3-40b0-8e84-2df59ef33e89	GET	/avg/css/style.css	undefined
20240219	06:25:13	6aeb988d-25f5-4208-8714-a9d471e59675	GET	/avg/pg	undefined
20240219	06:25:13	0634287c-334a-4a8f-b13f-2a9858f4f9a7	GET	/avg/css/style.css	undefined
20240219	06:28:15	09d5ddf1-216f-45f8-9213-73a0c2aa54ac	GET	/avg/pg	undefined
20240219	06:46:29	bbe713ef-c2cb-4ff8-8f6a-7a2013a6aaaa	GET	/avg/pg	undefined
20240219	11:11:12	411dbdb5-7862-467f-8c98-0f172edac55e	GET	/auth	undefined
20240219	11:11:13	c2bd7a6d-0bec-4511-aff3-bd00332f9513	GET	/auth	undefined
20240219	11:12:35	685841ba-ef6b-4845-a7fb-addec7ffed27	GET	/auth	undefined
20240219	12:09:44	187a8c59-1049-4eb3-b875-a0f42dd77199	POST	/auth	http://localhost:3001
20240219	12:09:47	648c3bf3-f1ec-4cbe-8f14-a0b4096165ee	POST	/auth	http://localhost:3001
20240219	12:26:48	bf9eee02-d56b-4b4b-9a92-fefbcf3d8a7e	POST	/auth	http://localhost:3001
20240219	13:05:52	c099a5aa-b357-4e53-ae78-882fe2c50043	POST	/auth/register	http://localhost:3001
20240219	13:06:51	da276456-94a7-43ea-8f9b-d539e2d0e47b	GET	/auth/register	undefined
20240219	13:06:51	22089d6d-cb2f-4147-95d3-089d0037e06a	GET	/auth/css/style.css	undefined
20240219	13:09:16	7c399824-8aad-42fc-828d-f06f6331a191	POST	/auth/register	http://localhost:3001
20240219	13:13:35	bec7aaad-c1cd-4c17-8749-e0af5331f06e	POST	/auth/register	http://localhost:3001
20240219	13:14:46	bf7e297a-8544-438f-abc1-565864d971f7	POST	/auth/register	http://localhost:3001
20240219	13:25:53	ae2f4401-9be5-4a2b-82e2-3446763ef023	POST	/auth/register	http://localhost:3001
20240219	13:58:28	79f2ad75-21a2-4b31-8be0-10f09aedc9a5	POST	/auth/register	http://localhost:3001
20240219	14:02:02	fe123f9a-5df4-4a25-af3e-25f4ce1c3dcd	GET	/auth/register	undefined
20240219	14:02:55	1ac07ff1-8d4f-4b9f-be41-dfa9a9b72597	POST	/auth/register	http://localhost:3001
20240219	14:03:04	c8b7b026-be7e-476c-a51d-95639ef7292d	POST	/auth/register	http://localhost:3001
20240219	14:19:21	fc505c15-03ea-4837-abe8-0af6bb64bf40	POST	/auth/register	http://localhost:3001
20240219	14:19:27	9460eca9-873f-49fd-801f-0965dd3e4828	POST	/auth/register	http://localhost:3001
20240219	14:19:30	0849fd0a-5fd8-42cc-a2b3-0cabdabbe65b	POST	/auth/register	http://localhost:3001
20240219	14:30:23	4c24fe81-ec57-4774-b242-315bd5e8ac3f	POST	/auth/register	http://localhost:3001
20240219	14:31:00	ddd2853e-a531-4e8b-93cd-ec123f4d9429	POST	/auth/register	http://localhost:3001
20240219	14:31:29	d6b9e0b0-5fc7-499e-8b9b-f9ed1f1516f6	POST	/auth/register	http://localhost:3001
20240219	14:31:29	444149af-c2de-409b-9074-832dc5d822cc	POST	/auth/register	http://localhost:3001
20240219	14:32:02	337fea81-1e76-4547-a21a-1f7c3a0a8bab	POST	/auth/register	http://localhost:3001
20240219	14:46:23	531bd071-a7d0-4695-85b0-6d5b3f3c0be1	POST	/auth/register	http://localhost:3001
20240219	14:46:24	7d87f2b9-25df-4b58-9977-b181fdb806e7	POST	/auth/register	http://localhost:3001
20240219	14:54:19	25708aee-c83b-43b1-882e-67d2e11a42c0	POST	/auth/register	http://localhost:3001
20240219	14:56:32	08965943-5779-4a29-8240-51ebb932c3d2	POST	/auth/register	http://localhost:3001
20240219	14:56:37	aef74a41-6c58-4132-961e-dddb93f2b432	POST	/auth/register	http://localhost:3001
20240219	14:56:38	8351a676-edb2-4703-b4ff-b152888e2df8	POST	/auth/register	http://localhost:3001
20240219	14:57:21	afb04a17-6c81-448e-9c43-9d463a31fe28	POST	/auth/register	http://localhost:3001
20240219	15:02:43	47ff0d15-c91c-4a17-bfe1-0990bda496d4	POST	/auth/register	http://localhost:3001
20240219	15:03:01	3a86fc49-1123-4bb3-9550-71ea537295c4	POST	/http:localhost:3500/auth	http://localhost:3001
20240219	15:03:14	702c04a1-7c48-46bd-bc11-2ed3290fa373	POST	/http:localhost:3500/auth	http://localhost:3001
20240219	15:04:05	1fab88f3-caba-45e3-9b53-66c6725a523c	POST	/auth/register	http://localhost:3001
20240219	15:04:32	c8dd6e8e-78b3-4dbc-92e3-a1b744a2ef62	POST	/http:localhost:3500/auth	http://localhost:3001
20240219	15:24:19	2de82c28-003b-45f8-b9a9-7dbf75364cab	POST	/auth/register	http://localhost:3001
20240219	15:24:41	6d0f6635-9add-4788-acf0-4b35a51084db	POST	/http:localhost:3500/auth/login	http://localhost:3001
20240219	15:24:45	d1b8e79c-e0c9-419d-9d21-8433993bf10d	POST	/http:localhost:3500/auth/login	http://localhost:3001
20240219	15:25:11	33ccee9d-fc1e-46e0-b9bb-3f2d88240ee4	POST	/http:localhost:3500/auth	http://localhost:3001
20240219	15:25:14	086a3db5-95ec-434a-9d0d-04257fe18736	POST	/http:localhost:3500/auth	http://localhost:3001
20240219	15:25:25	0d33d1bd-2ac1-4716-8727-fff1486a16d7	POST	/http:localhost:3500/auth	http://localhost:3001
20240219	15:25:28	59e93cc5-ba8f-44a0-bbc7-219f28257e3b	POST	/http:localhost:3500/auth	http://localhost:3001
20240219	15:25:45	c8630998-fb56-46e2-a0ff-f04517d8dd0b	POST	/http:localhost:3500/auth	http://localhost:3001
20240219	15:27:30	b3e30d32-9f27-4d7a-bf51-22c1d97e0fe4	POST	/auth	http://localhost:3001
20240219	15:41:10	8c151e08-2782-4adc-9c00-909d7f5f58ca	POST	/auth	http://localhost:3001
20240219	15:47:13	5ccb1866-cb5f-48f7-8c62-1fd44805e173	POST	/auth	http://localhost:3001
20240219	15:47:23	a75caa79-b619-4aca-a638-10450205e7ee	POST	/auth	http://localhost:3001
20240219	15:50:54	a19e07e1-9e48-4efe-9238-b7fb8b5e8865	POST	/auth/register	http://localhost:3001
20240219	15:51:10	56c009a9-9899-4cc9-886c-ac714027824b	POST	/auth	http://localhost:3001
20240219	15:53:38	1dbca16d-46b4-4860-a59a-6ed7a39ce3c2	POST	/auth	http://localhost:3001
20240219	16:02:10	5f402fe7-b1fb-4ada-8b43-69481131c8df	POST	/auth	http://localhost:3001
20240219	16:02:20	b39baca0-b165-4177-b48a-01d0909ae5f2	POST	/auth	http://localhost:3001
20240219	16:04:41	098b6d46-1c43-4d0d-bffe-9a3ae2e4d1bc	POST	/auth	http://localhost:3001
20240219	16:08:43	5661c4d0-6af0-4efd-adfc-43862f7e0c9e	POST	/auth/register	http://localhost:3001
20240219	16:09:03	4e9a5e36-1bd6-4a57-a8c3-69b9ef919dde	POST	/auth	http://localhost:3001
20240219	16:09:18	9c24e2b9-6fb4-4185-86ee-10fbe820097f	POST	/auth	http://localhost:3001
20240219	16:54:23	80b52318-4bac-4245-b64d-27d1db59424c	GET	/player/stats	undefined
20240219	16:54:34	20737671-fbab-400a-a3f9-f936667234e6	GET	/player/Jaylen%20Brown	undefined
20240219	17:44:51	3de5ac55-8e57-474a-aeb9-cea43038aca3	GET	/api/players/stats/Jordan%20Clarkson	http://localhost:3001
20240219	17:44:58	d6ab6c67-330d-4712-80ba-df1ef3b81636	GET	/api/players/stats/Jordan%20Clarkson	http://localhost:3001
20240219	17:49:54	f97024b6-fe9d-41fc-a383-3ec628c780ad	GET	/api/players/stats/Jordan%20Clarkson	http://localhost:3001
20240219	17:50:58	4b815c8f-9f7a-4d92-a358-9529a4cd8385	GET	/players/stats/undefined	http://localhost:3001
20240219	17:50:58	5c40631d-e6a5-4bf8-825e-59f9ddc1fd4b	GET	/players/stats/undefined	http://localhost:3001
20240219	17:51:10	c5b272a3-b231-46d7-a073-826403238634	GET	/players/stats/undefined	http://localhost:3001
20240219	17:51:10	b55df409-112b-4dcf-8ddb-3457e7a7080a	GET	/players/stats/undefined	http://localhost:3001
20240219	17:51:11	f026b191-ae6c-480a-8d31-c5cf96f9dcc1	GET	/players/stats/undefined	http://localhost:3001
20240219	17:51:11	3265b979-aa6a-4992-b568-c8c2a030664a	GET	/players/stats/undefined	http://localhost:3001
20240219	17:52:18	b51720b4-1a8f-4b38-bd70-843e56e775d9	GET	/player/stats/jordan%20clarkson	http://localhost:3001
20240219	17:52:47	8ee6619f-a3c8-4eeb-8a64-80a7050fd730	GET	/player/stats/Jordan%20Clarkson	http://localhost:3001
20240219	17:52:49	3ae8e9fe-bfaa-4b9a-8a57-25bf4f8c854c	GET	/player/stats/Jordan%20Clarkson	http://localhost:3001
20240219	17:52:52	4cca3a0d-4363-4cd6-9f10-b5f2cb0186c2	GET	/player/stats/Jordan%20Clarkson	http://localhost:3001
20240219	17:52:57	ba5248b0-f616-476c-9244-d45fb77cc723	GET	/player/stats/Jordan%20Clarkson	http://localhost:3001
20240219	17:53:08	923f3aaa-044c-4c57-a9b2-b54e09006a71	GET	/player/stats/Jaylen%20Brown	http://localhost:3001
20240219	17:57:50	ccbd9cb3-dde8-43ae-b7a1-1156a23be7c6	GET	/player/stats/Jordan%20Clarkson	http://localhost:3001
20240219	18:35:23	d46037f6-eefe-4e31-8110-261040b1748d	GET	/home	undefined
20240219	18:35:23	75d35dfa-3646-4058-b4f2-f4739420a6a8	GET	/css/style.css	undefined
20240219	18:59:42	a3be9f88-e6cb-421c-9250-4e6f47bf214e	POST	/auth	http://localhost:3001
20240219	19:15:35	9bbf5efb-b99b-45f4-8c97-4af7e1740267	POST	/auth	http://localhost:3001
20240228	16:21:48	30d50ab7-8adf-4444-a949-9b949e37abfb	GET	/auth	undefined
20240228	16:21:52	d543b54c-ab4c-4d0d-b6d6-13944a098cbd	GET	/auth/register	undefined
20240228	16:21:52	4103bc96-ee2c-4866-9b2a-bc9d6d921ed4	GET	/favicon.ico	undefined
20240228	16:22:41	07d066af-f56b-4b13-8bdc-c4524e65dc9b	GET	/auth	undefined
20240228	16:27:13	202147f7-149b-4d53-92c6-991adb7e6c3c	POST	/auth	http://localhost:3001
20240228	16:45:08	c4670ea0-df95-4e1f-a772-547de1825a0c	GET	/player/statsJaylen%20Brown	http://localhost:3001
20240228	16:45:22	bec06187-e7a2-4f01-a815-727849a55a95	GET	/player/Jaylen%20Brown	http://localhost:3001
20240228	16:45:31	4522961f-4e23-407f-b713-d16c57fec958	GET	/player/Jaylen%20Brown	http://localhost:3001
20240228	16:45:32	546f9022-8d25-4a76-86be-b359c87cd92d	GET	/player/Jaylen%20Brown	http://localhost:3001
20240228	16:45:50	dbffd794-b7e7-48c2-bdec-bea2c6e23da6	GET	/player/Jaylen%20Brown	http://localhost:3001
20240228	17:28:57	7ea9929e-a964-4fe6-90b7-e2c7bc036e97	GET	/player/Jaylen%20Brown	http://localhost:3001
20240228	17:28:58	ddc10fef-41de-41da-8bc6-25db49915a25	GET	/player/Jaylen%20Brown	http://localhost:3001
20240228	17:39:41	b8a13e1b-9e04-4371-8434-74969703af68	POST	/auth	http://localhost:3001
20240228	17:42:37	b9411bbe-5099-4756-a195-41e9b6b4cb04	POST	/auth/register	http://localhost:3001
20240228	17:42:46	908e9905-6862-4c28-a721-56b378c294e8	POST	/auth	http://localhost:3001
20240228	17:44:54	0a8d3e7b-96b3-4691-9efa-d5229aa07789	GET	/player/J	http://localhost:3001
20240228	17:44:54	afa0f07c-75ac-47b4-9439-ca90d40fd165	GET	/player/Ja	http://localhost:3001
20240228	17:44:55	4dd3cd2a-c8d9-4ecd-8ee1-9eb8f67f9528	GET	/player/Jay	http://localhost:3001
20240228	17:44:55	ea73c4d0-8293-41fa-8cef-f57e91c4e0c3	GET	/player/Jayl	http://localhost:3001
20240228	17:44:55	298f325c-ef80-49eb-9d12-f4d6687643cd	GET	/player/Jayle	http://localhost:3001
20240228	17:44:56	46e1be81-53ff-4815-9d43-84bfee2e0179	GET	/player/Jaylen	http://localhost:3001
20240228	17:44:56	74e0d10a-7f0f-4c87-a022-fabd1bc01548	GET	/player/Jaylen%20	http://localhost:3001
20240228	17:44:56	dd8faa1f-19c6-4f91-b9f3-544620a9c5c8	GET	/player/Jaylen%20B	http://localhost:3001
20240228	17:44:57	28b860ec-0252-4111-88ab-1d667e8af394	GET	/player/Jaylen%20Br	http://localhost:3001
20240228	17:44:57	52c9ae34-6404-4c38-a583-56501fbd7e7b	GET	/player/Jaylen%20Bro	http://localhost:3001
20240228	17:44:57	48a8269e-52e4-45c0-9c8f-8a69a0a5cfa8	GET	/player/Jaylen%20Brow	http://localhost:3001
20240228	17:44:58	5c80201f-d698-4ecb-b1c0-4723cf3579a1	GET	/player/Jaylen%20Brown	http://localhost:3001
20240228	17:45:00	4d1ff4c9-c20b-49d3-a0fe-c1fddac53aea	GET	/player/Jaylen%20Brown	http://localhost:3001
20240228	17:47:41	1ed26012-af0a-47d7-8f14-392963b78a03	GET	/player	undefined
20240228	17:47:52	d1b66811-8c8d-4aca-80c1-6dffd83dd7e9	GET	/player/stats	undefined
20240228	17:47:55	142d9a84-f783-4023-9f39-0c359d1d7a86	GET	/player/stats	undefined
20240228	17:48:08	857dec0e-8039-450b-8d8b-75d9db8b3e8e	GET	/player/Jaylen%20Brown	undefined
20240228	17:48:48	5c1c9247-ca08-4736-a4f3-c83d7972a7b8	GET	/avg/pg	undefined
20240228	17:49:23	9569d1c2-03e7-4b4f-97bf-1882ea89f31c	GET	/avg/c	undefined
20240228	17:49:34	b0b42ae0-4e56-4012-b4c0-270ab6d0fb6b	GET	/avg/stats	undefined
20240228	17:49:40	6d865fab-3265-4981-bb9e-75e69aa54eff	GET	/avg	undefined
20240228	17:49:52	59288172-a8a7-4df0-ad2f-139050094c9e	GET	/avg/pg	undefined
20240228	17:49:57	2bb6023d-3935-4e16-98f4-c60b402d3474	GET	/avg/sg	undefined
20240228	17:50:02	5d66a95e-3275-4cf9-b6c4-e4d563ed6448	GET	/avg/pg	undefined
20240228	18:23:36	1d8dd4c3-98a5-4ed2-b33c-ad8d3e038366	POST	/auth	http://localhost:3001
20240228	20:07:08	8aa9cfc8-d979-4f56-aa25-a3015a307f11	POST	/auth	http://localhost:3001
20240228	22:52:31	9f11bb41-cd68-4342-8778-d8bb45753037	POST	/auth	http://localhost:3001
20240228	23:03:32	fd6ea8ee-a294-4a61-8f2d-4570a90fdd33	GET	/player/J	http://localhost:3001
20240228	23:03:33	4976c8e8-7c18-4145-9f4a-3ba1c6aae10c	GET	/player/Ja	http://localhost:3001
20240228	23:03:33	6343cac5-cbc1-4950-bada-343eb01c61f5	GET	/player/Jay	http://localhost:3001
20240228	23:03:34	1c362322-c1e4-4ce7-972e-c5156231f83d	GET	/player/Jayl	http://localhost:3001
20240228	23:03:34	5303ff1e-2570-493a-a84e-f0b51ef50366	GET	/player/Jayle	http://localhost:3001
20240228	23:03:34	af5fc082-13cb-45c6-9f5c-6dab7e64aaab	GET	/player/Jaylen	http://localhost:3001
20240228	23:03:35	630a3e14-3b40-4488-8971-05dcfb4ed369	GET	/player/Jaylen%20	http://localhost:3001
20240228	23:03:35	7c831a4c-c751-4a05-b8d8-dc49ddf925fc	GET	/player/Jaylen%20B	http://localhost:3001
20240228	23:03:36	19221c8b-609c-4e2d-8d62-a8e3235f29e2	GET	/player/Jaylen%20Br	http://localhost:3001
20240228	23:03:36	81db6c85-3040-48b0-891c-43b6707f7ca8	GET	/player/Jaylen%20Bro	http://localhost:3001
20240228	23:03:36	c58650ec-ba09-49ac-abe3-fdb5a8998930	GET	/player/Jaylen%20Brow	http://localhost:3001
20240228	23:03:37	61535afc-543e-4e5d-a708-ebe2b967380d	GET	/player/Jaylen%20Brown	http://localhost:3001
20240228	23:03:39	de5610ea-4348-4918-880c-aa509c93b23f	GET	/player/Jaylen%20Brown	http://localhost:3001
20240228	23:03:40	c4c44613-ea56-49d8-ab43-715b546ce274	GET	/player/Jaylen%20Brown	http://localhost:3001
20240228	23:38:00	922559bf-fe8f-49e7-94ba-f55d3e9470c3	POST	/auth	http://localhost:3001
20240228	23:38:08	a5571e3d-2464-4fe5-8548-29cbf2a9d7af	POST	/auth	http://localhost:3001
20240229	01:26:45	802bd23e-aa33-4005-8efc-4bbb6a6284cf	POST	/auth	http://localhost:3001
20240229	01:54:53	8e12bef1-f8c2-4960-99cf-1a3917512bb0	POST	/auth	http://localhost:3001
20240229	03:02:20	76b3cbd4-2803-4bb7-bff0-bd6bcd46a379	POST	/auth	http://localhost:3001
20240229	03:16:05	73ea4ea8-371e-4155-ad9e-7e7b81a1729e	POST	/auth	http://localhost:3001
20240229	03:53:07	5550aa13-a2f0-4bd6-9401-4fc38eb619ea	GET	/players/J	http://localhost:3001
20240229	03:53:07	0c52e552-6f3d-42a6-a0cc-cc76699f653b	GET	/players/Ja	http://localhost:3001
20240229	03:53:08	dfd4fc96-7bcd-4d35-8bfe-cfd4a5daeb55	GET	/players/Jay	http://localhost:3001
20240229	03:53:08	569b49fa-bda4-4ef8-a00e-baab6f0f169d	GET	/players/Jayl	http://localhost:3001
20240229	03:53:08	6849ea86-62e0-49e8-9a49-c447b0b140da	GET	/players/Jayle	http://localhost:3001
20240229	03:53:09	2cf341f2-9bc1-44a9-afdf-93761d0719b4	GET	/players/Jaylen	http://localhost:3001
20240229	03:53:09	75aafa7e-c6a2-415d-b364-b5c43b03a583	GET	/players/Jaylen%20	http://localhost:3001
20240229	03:53:09	9f4bc8bf-bedf-4cdf-a12a-7f6d3908415a	GET	/players/Jaylen%20B	http://localhost:3001
20240229	03:53:10	9e2bdb04-8f9d-423e-9b3b-4c633bd48217	GET	/players/Jaylen%20Br	http://localhost:3001
20240229	03:53:10	4bc6afcf-2d24-46c1-95b5-d01b5b811add	GET	/players/Jaylen%20Bro	http://localhost:3001
20240229	03:53:11	fcd156d6-7cc1-4ca4-a0d0-e2922f0702ea	GET	/players/Jaylen%20Brow	http://localhost:3001
20240229	03:53:11	8c02db56-4ea7-422c-921b-8e69818fd8e9	GET	/players/Jaylen%20Brown	http://localhost:3001
20240229	03:53:13	a3a974c6-7f42-4237-b04e-9b4b8aec06f9	GET	/players/Jaylen%20Brown	http://localhost:3001
20240229	03:54:18	be9754a8-aa5b-4649-abee-d9587bd587dc	GET	/player/Jaylen%20Brown	http://localhost:3001
20240229	03:54:22	61030426-93cb-45d2-a6b9-28fb00709e00	GET	/player/stats/Jaylen%20Brown	http://localhost:3001
20240229	03:54:26	9388b2bd-e88d-4cbd-a063-668dab44f680	GET	/player/stats/Jaylen%20Brown	http://localhost:3001
20240229	03:54:31	d3c3da60-bc0d-4035-800e-28e329305645	GET	/player/stats/Jaylen%20Brown	http://localhost:3001
20240229	08:26:41	42180fec-899e-429b-b010-a4bbd2386287	POST	/auth	http://localhost:3001
20240229	08:39:10	f024fd43-135d-4560-a051-7911b029e51b	POST	/auth	http://localhost:3001
20240229	08:40:02	f7521e26-0cf7-4a2f-81c4-4423b95da62c	POST	/auth	http://localhost:3001
20240229	08:44:32	29161073-e8df-47a8-939a-3ffef1bdd06e	GET	/player/stats/J	http://localhost:3001
20240229	08:44:32	5e26e551-6884-46e8-8be2-6427c388f683	GET	/player/stats/Ja	http://localhost:3001
20240229	08:44:33	b00c647c-83e5-47be-9a07-c72f84e41f00	GET	/player/stats/Jay	http://localhost:3001
20240229	08:44:33	1976cd99-7af2-4add-a7a5-4bbaca780030	GET	/player/stats/Jayl	http://localhost:3001
20240229	08:44:33	5eadde12-0e8b-49b6-a123-b5d03e0237c2	GET	/player/stats/Jayle	http://localhost:3001
20240229	08:44:34	9948281a-1a1c-477f-92b8-e3dc72950560	GET	/player/stats/Jaylen	http://localhost:3001
20240229	08:44:34	a08bc92c-8c9a-426b-b068-32002abb1413	GET	/player/stats/Jaylen%20	http://localhost:3001
20240229	08:44:34	bbb0b4ef-9568-4f49-a83a-763f24c2a055	GET	/player/stats/Jaylen%20B	http://localhost:3001
20240229	08:44:35	26f7bdf0-ac1c-430d-bb00-b20fca9c6b39	GET	/player/stats/Jaylen%20Br	http://localhost:3001
20240229	08:44:35	762ed6ee-1ef0-4456-9583-c7e7bf5dbe7d	GET	/player/stats/Jaylen%20Bro	http://localhost:3001
20240229	08:44:36	e11ff7a7-63df-43cc-bb4c-48b8ab40d1b3	GET	/player/stats/Jaylen%20Brow	http://localhost:3001
20240229	08:44:36	8983c308-2980-4ab3-b33b-a55efa091638	GET	/player/stats/Jaylen%20Brown	http://localhost:3001
20240229	08:44:39	8b6eed31-0f9e-436e-877a-182f8701ad6f	GET	/player/stats/Jaylen%20Brown	http://localhost:3001
20240229	08:48:20	4740f4ba-5b73-4c60-80c0-3f8cfca5175f	GET	/player/stats/J	http://localhost:3001
20240229	08:48:21	a6c1279a-d7b1-4b02-937e-301f16da3840	GET	/player/stats/Ja	http://localhost:3001
20240229	08:48:21	922564c6-12ae-4b7e-94e2-380afb1d207a	GET	/player/stats/Jay	http://localhost:3001
20240229	08:48:22	1ecfb636-bf8b-4c67-a7a8-05ed8720590f	GET	/player/stats/Jayl	http://localhost:3001
20240229	08:48:22	4e052e8c-003d-4f20-8a03-ea96dcc21e2a	GET	/player/stats/Jayle	http://localhost:3001
20240229	08:48:22	80e1fe13-408e-4279-914a-162492769514	GET	/player/stats/Jaylen	http://localhost:3001
20240229	08:48:23	0621e2de-aba5-4cfd-97a3-952ab2581bc0	GET	/player/stats/Jaylen%20	http://localhost:3001
20240229	08:48:23	5a5b855e-c7db-43f2-88a8-4ae758cff851	GET	/player/stats/Jaylen%20B	http://localhost:3001
20240229	08:48:24	712851f8-5281-4cbc-8c30-ccec289f8661	GET	/player/stats/Jaylen%20Br	http://localhost:3001
20240229	08:48:24	71d09105-f043-41e5-a453-37bdc5dbf013	GET	/player/stats/Jaylen%20Bro	http://localhost:3001
20240229	08:48:24	3378d147-bb08-40f1-bd95-735b9fa21596	GET	/player/stats/Jaylen%20Brow	http://localhost:3001
20240229	08:48:24	c5e8e95f-2e8a-4aa4-a3cd-b1be39bf0761	GET	/player/stats/Jaylen%20Brown	http://localhost:3001
20240229	08:48:27	b82a96f5-7e33-4cb7-8b2d-e75c529c77cb	GET	/player/stats/Jaylen%20Brown	http://localhost:3001
20240229	08:53:52	45788cd2-e2ea-428c-a70f-ae2ac7512a35	GET	/player/stats/Jaylen%20Brown	http://localhost:3001
20240229	08:53:56	44864f51-9024-4d53-adec-c15885b8f472	GET	/player/stats/Jaylen%20Brown	http://localhost:3001
20240229	08:54:47	e110f036-c818-48a8-a278-02a97b41e1dc	GET	/playerJaylen%20Brown	http://localhost:3001
20240229	08:54:48	b947c069-83a3-4a08-9f16-400204c97af0	GET	/player/Jaylen%20Brown	http://localhost:3001
20240229	08:54:55	1746aaf4-bc16-42ac-ab93-548a3bd42f81	GET	/player/Jaylen%20Brown	http://localhost:3001
20240229	08:54:59	27742726-94fd-41bf-bcf9-7ab34a01a87d	GET	/player/Jaylen%20Brown	http://localhost:3001
20240229	08:55:00	0b6d9908-b6e7-4279-a9a7-a325741f8a64	GET	/player/Jaylen%20Brown	http://localhost:3001
20240229	08:55:00	c4005510-534a-47e7-854c-0379aecc7277	GET	/player/Jaylen%20Brown	http://localhost:3001
20240229	08:55:27	2489be1a-e763-4cce-a665-7698f67f02fc	GET	/player/Jaylen%20Brown	http://localhost:3001
20240229	08:57:14	ecb4a844-1947-4fec-9c3f-d4a1ae7e92f4	GET	/player/G	http://localhost:3001
20240229	08:57:16	e0f3ab53-49ed-4b57-b474-a8258ed68861	GET	/player/Gr	http://localhost:3001
20240229	08:57:17	0e794eb3-1afa-45ac-aa86-ac66a95b0f0d	GET	/player/Gra	http://localhost:3001
20240229	08:57:17	c4bec230-9a40-4080-a705-526b84cb5dca	GET	/player/Gray	http://localhost:3001
20240229	08:57:17	5907f0d3-ef13-44cf-a896-11aea46ea12f	GET	/player/Grays	http://localhost:3001
20240229	08:57:18	53424391-81c4-4967-acd7-0ee8e1ee9bdb	GET	/player/Grayso	http://localhost:3001
20240229	08:57:18	fde7cf4e-ac27-48ac-9b1a-fd39e989064d	GET	/player/Grayson	http://localhost:3001
20240229	08:57:18	75ebac88-fcc4-4103-a6db-a8af35be4562	GET	/player/Grayson%20	http://localhost:3001
20240229	08:57:19	b479eb12-2a3d-4d59-aad1-b653015f616c	GET	/player/Grayson%20A	http://localhost:3001
20240229	08:57:19	4dbdd587-6b8a-4a87-84df-2aa8380c587e	GET	/player/Grayson%20Al	http://localhost:3001
20240229	08:57:19	51375e31-44b4-465f-9529-a8c08f878a7a	GET	/player/Grayson%20All	http://localhost:3001
20240229	08:57:20	5089267b-a274-4125-a00c-b549f0716006	GET	/player/Grayson%20Alle	http://localhost:3001
20240229	08:57:20	2fbd31d0-8d0e-4b8f-9975-4d83e12d5e22	GET	/player/Grayson%20Allen	http://localhost:3001
20240229	08:58:25	a2fb5a75-29b7-4d62-81b1-3ddd3e476d66	GET	/player/Grayson%20Allen	http://localhost:3001
20240229	08:58:30	166ba38d-6b65-4ee7-9bf8-f44816b93bc1	GET	/player/Grayson%20Allen	http://localhost:3001
20240229	08:58:33	92bc9b2c-100e-430e-b36e-e02753681cc5	GET	/player/Grayson%20Allen	http://localhost:3001
20240229	08:58:52	4d2f6c0b-1f92-4196-beb2-e2764da3d24e	GET	/player/Grayson%20Allen	http://localhost:3001
20240229	08:59:03	19430416-68e0-4068-a7aa-a13fc7bc9f60	GET	/player/Grayson%20Allen	http://localhost:3001
20240229	08:59:10	5b475339-7d21-41e6-89f5-5b71238b8d9f	GET	/player/Grayson%20Allen	http://localhost:3001
20240229	08:59:43	861f82bf-010f-46ca-8658-0ca316c03f77	GET	/player/Grayson%20Allen	http://localhost:3001
20240229	08:59:49	8b0b05e7-9621-40e8-993b-ceaed56d084c	GET	/player/Grayson%20Allen	http://localhost:3001
20240229	09:00:19	ae9b8798-10ef-42d9-913d-cafdc952aa3c	GET	/player/Grayson%20Allen	http://localhost:3001
20240229	09:00:21	fec1220b-bfc3-4832-82d4-8ab712e6326d	GET	/player/Grayson%20Allen	http://localhost:3001
20240229	09:01:26	727d7133-bc20-4a87-9961-3bab97b6962c	GET	/player/Grayson%20Allen	http://localhost:3001
20240229	09:01:31	5e7eb957-87cc-4f6e-a49c-beef1a7eb63c	GET	/player/Grayson%20Allen	http://localhost:3001
20240229	09:01:34	b5244bf3-4dae-4cd5-86ce-7ebba8f69aa2	GET	/player/Grayson%20Allen	http://localhost:3001
20240229	09:01:45	4c940ada-7401-4b8a-818d-86ab6a810930	GET	/player/Grayson%20Allen	http://localhost:3001
20240229	09:01:59	9a55ea0e-0689-4c90-8db6-21b891edccb3	GET	/player/Grayson%20Allen	http://localhost:3001
20240229	09:02:08	42bcf7b2-bdbc-4a13-a729-02348c136a59	GET	/player/Grayson%20Allen	http://localhost:3001
20240229	09:02:09	927b8331-a948-4c1f-994b-0c7576daf60b	GET	/player/Grayson%20Allen	http://localhost:3001
20240229	09:02:27	c4ca6065-183d-4cae-8d37-a28293258ace	GET	/player/Grayson%20Allen	http://localhost:3001
20240229	09:02:48	cd80e58f-3083-4c30-96c5-9ceee129e8c8	GET	/player/Grayson%20Allen	http://localhost:3001
20240229	09:02:57	6f938eaa-9643-4f75-9f5c-a3ff8c5a8f71	GET	/player/Grayson%20Allen	http://localhost:3001
20240229	09:03:00	49102794-a862-452a-ac8b-7179b597be3d	GET	/player/Grayson%20Allen	http://localhost:3001
20240229	09:03:06	aa8c3749-85b8-41a7-8202-c94bc0a9e177	GET	/player/Grayson%20Allen	http://localhost:3001
20240229	09:03:24	07d4bb0b-5629-4dc5-97af-e1047a231e6f	GET	/player/Grayson%20Allen	http://localhost:3001
20240229	09:03:46	d1af4481-a46d-46c4-96fc-a16da870ed6c	GET	/player/Grayson%20Allen	http://localhost:3001
20240229	09:04:01	9777d4d5-fc37-4136-9767-e4c64d69770a	GET	/player/Grayson%20Allen	http://localhost:3001
20240229	09:04:06	c3013f2d-d21e-4967-a563-614a0fd7ae4b	GET	/player/Grayson%20Allen	http://localhost:3001
20240229	09:04:32	08d1f8b5-d7ee-4d94-9e59-557f319ce770	GET	/player/Grayson%20Allen	http://localhost:3001
20240229	09:04:44	63b26de4-367d-47c0-9a39-b4a6faf3f72e	GET	/player/Grayson%20Allen	http://localhost:3001
20240229	09:04:47	9d3f36b7-39a1-4c3b-8bd0-1f246fe2e3b0	GET	/player/Grayson%20Allen	http://localhost:3001
20240229	09:05:00	ccb4e02a-b888-4b84-8bfb-1882e2a7ee69	GET	/player/Grayson%20Allen	http://localhost:3001
20240229	09:05:11	cd26d702-eb72-4dc9-a08d-10835761b18b	GET	/player/Grayson%20Allen	http://localhost:3001
20240229	09:05:15	1cd85482-ff74-475a-8864-f056ccb1b601	GET	/player/Grayson%20Allen	http://localhost:3001
20240229	09:05:21	e4f03cd2-9956-4509-8aa7-df19e9e1081c	GET	/player/Grayson%20Allen	http://localhost:3001
20240229	09:05:37	8e87789b-3e16-41c1-9652-906be8dbbdf5	GET	/player/Grayson%20Allen	http://localhost:3001
20240229	09:05:42	5e34b307-c242-4b04-b76b-8029e6ae01f6	GET	/player/Grayson%20Allen	http://localhost:3001
20240229	09:05:44	26ae14bd-ae37-4d84-94f1-ddd347435352	GET	/player/Grayson%20Allen	http://localhost:3001
20240229	09:05:48	cd5fceb0-5271-4d6e-aa52-b47c9cd2a1b5	GET	/player/Grayson%20Allen	http://localhost:3001
20240229	09:05:51	0d7fdd9c-6a97-4526-ab8d-77806b9fe010	GET	/player/Grayson%20Allen	http://localhost:3001
20240229	09:06:24	1a7732ac-6e01-4f4b-ba67-1d2699848e6e	GET	/player/J	http://localhost:3001
20240229	09:06:24	de3ecb21-5d5f-40fc-a8fa-6e22198f402d	GET	/player/Ja	http://localhost:3001
20240229	09:06:25	31bbaf4a-1329-42d3-b914-c35e05433be9	GET	/player/Jay	http://localhost:3001
20240229	09:06:25	8cbe685f-0a62-4706-a3ee-dd65cb2cf5ac	GET	/player/Jayl	http://localhost:3001
20240229	09:06:25	e21ba557-0ade-4400-b190-8ee5f2a9dbaf	GET	/player/Jayle	http://localhost:3001
20240229	09:06:25	b558e5dc-702b-42df-8cab-4df92d349221	GET	/player/Jaylen	http://localhost:3001
20240229	09:06:26	b379ca84-d31f-49fc-9c9a-34bfcb8fd586	GET	/player/Jaylen%20	http://localhost:3001
20240229	09:06:26	f016b83e-02d7-4a44-9dc9-6859ed3b7e03	GET	/player/Jaylen%20B	http://localhost:3001
20240229	09:06:27	9185d5eb-890f-4a42-a510-a6092ec7b321	GET	/player/Jaylen%20Br	http://localhost:3001
20240229	09:06:27	150b607a-6d19-447b-871f-5d4f4cbdddad	GET	/player/Jaylen%20Bro	http://localhost:3001
20240229	09:06:27	49ec8320-f59f-40cf-a6a2-5112c521059f	GET	/player/Jaylen%20Brow	http://localhost:3001
20240229	09:06:27	2568bd5f-9927-4eb4-ac3e-879ab668fc8a	GET	/player/Jaylen%20Brown	http://localhost:3001
20240229	09:06:30	22f47610-bc05-4d9a-a5e2-97f6fc0fec1e	GET	/player/Jaylen%20Brown	http://localhost:3001
20240229	09:06:38	4e4103a9-92ec-4aa2-a201-f22374d34fbb	GET	/player/A	http://localhost:3001
20240229	09:06:39	61535785-2b4d-429b-9259-b2662707bdd1	GET	/player/An	http://localhost:3001
20240229	09:06:39	b08cbf82-705d-4b70-8357-f8102030ff06	GET	/player/Ant	http://localhost:3001
20240229	09:06:39	ce496603-c637-48fc-aeb8-a1f8b5f6cd2a	GET	/player/Anth	http://localhost:3001
20240229	09:06:40	1f06feff-8648-4be8-9b36-e1a6ceacdef3	GET	/player/Antho	http://localhost:3001
20240229	09:06:40	b53071de-0a7a-4286-8963-062a16927af2	GET	/player/Anthon	http://localhost:3001
20240229	09:06:40	23392e16-0611-4897-a31a-872cfcd67454	GET	/player/Anthony	http://localhost:3001
20240229	09:06:41	7eed6fcc-dcb9-4cbc-b2f4-c23190faf35b	GET	/player/Anthony%20	http://localhost:3001
20240229	09:06:43	5a8ef4c9-1d59-4b37-9219-15bf3d6d6962	GET	/player/Anthony%20D	http://localhost:3001
20240229	09:06:43	9cf93e56-e04b-4a82-98ce-5cf154131902	GET	/player/Anthony%20Da	http://localhost:3001
20240229	09:06:44	8d4d2a08-79bf-4eb9-a6c9-9e01fdd73975	GET	/player/Anthony%20Dav	http://localhost:3001
20240229	09:06:45	472d5e2f-3fbe-4eec-9896-9d9ddb06c9a3	GET	/player/Anthony%20Davi	http://localhost:3001
20240229	09:06:45	ae136bd6-8cb4-4834-9d4d-e3001d317981	GET	/player/Anthony%20Davis	http://localhost:3001
20240229	09:11:00	d69b5cd4-67bc-48a6-b25a-7ea68482312f	GET	/player/j	http://localhost:3001
20240229	09:11:01	e0dd6ea3-b300-4f8f-9ac9-3a724ae017b7	GET	/player/ja	http://localhost:3001
20240229	09:11:01	5dcddbe1-e5d1-4365-ad34-6e1172f4307c	GET	/player/jay	http://localhost:3001
20240229	09:11:02	3e18036e-c6a2-4e44-9121-0e07df0b3c5a	GET	/player/jayl	http://localhost:3001
20240229	09:11:02	23fdab6f-508a-4b94-b1ec-a4c66d1f2a36	GET	/player/jayle	http://localhost:3001
20240229	09:11:02	b2a51269-bc42-47d4-afd1-43acc4dd255f	GET	/player/jaylen	http://localhost:3001
20240229	09:11:02	f479fbae-7a10-4e3c-92cb-644b267c9b21	GET	/player/jaylen%20	http://localhost:3001
20240229	09:11:03	249266b9-0b5f-4c82-ae1a-028606f63cd8	GET	/player/jaylen%20b	http://localhost:3001
20240229	09:11:03	b909789a-aa16-47d5-8ffc-ecbcce79f022	GET	/player/jaylen%20br	http://localhost:3001
20240229	09:11:03	bb5bda6b-6647-46de-9731-0f5b10199d4b	GET	/player/jaylen%20bro	http://localhost:3001
20240229	09:11:03	1c15c916-5e2b-4568-94ae-318ad70e9d49	GET	/player/jaylen%20brow	http://localhost:3001
20240229	09:11:04	b7e2770d-8ccf-4625-9996-bd030a7b15da	GET	/player/jaylen%20brown	http://localhost:3001
20240229	09:11:06	b6d2fe84-6bec-4b88-8d96-f385a98eb6f9	GET	/player/jaylen%20brown	http://localhost:3001
20240229	09:11:07	82176226-3bb2-4a50-a4ad-75b7d0e03a95	GET	/player/jaylen%20brown	http://localhost:3001
20240229	09:11:10	bb8c281b-78b2-4ea6-b62a-719013cc4aa8	GET	/player/J	http://localhost:3001
20240229	09:11:10	1ee9daf2-0367-4ff3-b9af-410fac31a185	GET	/player/Ja	http://localhost:3001
20240229	09:11:11	18dd4271-3988-48a6-abeb-06e6d0280e30	GET	/player/Jay	http://localhost:3001
20240229	09:11:11	aed62cb3-0e04-49ff-b016-241a71f06003	GET	/player/Jayl	http://localhost:3001
20240229	09:11:11	94d358c2-11f6-4c4f-a961-12744682c650	GET	/player/Jayle	http://localhost:3001
20240229	09:11:12	c3829f2f-d074-4b11-9ddc-a505c276e49b	GET	/player/Jaylen	http://localhost:3001
20240229	09:11:12	76c7b747-7fa7-4b61-8d57-d2d361698e94	GET	/player/Jaylen%20	http://localhost:3001
20240229	09:11:12	9ce4d503-9188-48eb-a74c-23dfb7488563	GET	/player/Jaylen%20B	http://localhost:3001
20240229	09:11:13	dbe181f4-63cc-4e66-b94a-47716696a8d1	GET	/player/Jaylen%20Br	http://localhost:3001
20240229	09:11:13	b73690ab-6975-4901-ab1f-e319e10de290	GET	/player/Jaylen%20Bro	http://localhost:3001
20240229	09:11:14	febae569-e4ce-46f0-96ac-fefc02b47d42	GET	/player/Jaylen%20Brow	http://localhost:3001
20240229	09:11:14	5e3dfdad-37db-4d1e-947b-95d2d35aab8a	GET	/player/Jaylen%20Brown	http://localhost:3001
20240229	09:12:00	21d0433c-e6b4-45ad-9565-8017b91b5ef4	GET	/player/Jaylen%20Brown	http://localhost:3001
20240229	09:20:56	043eb75f-0ad5-4146-b50d-f9d88b82929c	GET	/avg/SG	http://localhost:3001
20240229	09:22:29	a71d0032-585e-4db3-ad5c-10c025f8dbe8	GET	/avg/SG	http://localhost:3001
20240229	09:24:13	2c597d57-6491-4f7b-99c9-650f045416b5	GET	/player/J	http://localhost:3001
20240229	09:24:13	8f2835bb-242b-442d-b2fa-dd6c6f604810	GET	/player/Ja	http://localhost:3001
20240229	09:24:14	f69c9223-e51e-4bfd-907e-97fe02bca3ba	GET	/player/Jay	http://localhost:3001
20240229	09:24:14	11d07419-411c-4c8e-b619-088001f21929	GET	/player/Jayl	http://localhost:3001
20240229	09:24:15	bbb721e6-224b-484e-a962-b895616ce7cf	GET	/player/Jayle	http://localhost:3001
20240229	09:24:15	be236c9e-219d-4e17-9beb-3f8041f76826	GET	/player/Jaylen	http://localhost:3001
20240229	09:24:15	3902a3ae-9324-486f-9737-1edfc0d66b4b	GET	/player/Jaylen%20	http://localhost:3001
20240229	09:24:16	6d265a64-3c84-402e-a77c-188f8e43311f	GET	/player/Jaylen%20B	http://localhost:3001
20240229	09:24:16	29025b1c-4d93-4100-9a87-1f9a1212336d	GET	/player/Jaylen%20Br	http://localhost:3001
20240229	09:24:16	6e4ee9d4-dc84-4c08-88f7-0ee4ce707fb1	GET	/player/Jaylen%20Bro	http://localhost:3001
20240229	09:24:17	4c7e0ddf-94a6-4e65-9b91-52360e0fcec6	GET	/player/Jaylen%20Brow	http://localhost:3001
20240229	09:24:17	b4a7dcee-6a5b-4c3a-997a-8512b1aa66b3	GET	/player/Jaylen%20Brown	http://localhost:3001
20240229	09:24:24	491a7ad2-6568-4cfe-939b-a3c999a5154c	GET	/player/Jaylen%20Brown	http://localhost:3001
20240229	09:24:24	a96bb0b0-0030-45a9-9153-30a0c8b35a26	GET	/avg/SG	http://localhost:3001
20240229	09:25:44	65373f06-4e61-40e5-a259-63f883087179	GET	/player/stats/J	http://localhost:3001
20240229	09:25:44	6df101e0-2dc4-47e0-b09d-bbae7173952c	GET	/player/stats/Ja	http://localhost:3001
20240229	09:25:45	8e9c59df-06bd-41ee-bd4c-8da0a1bdf4b1	GET	/player/stats/Jay	http://localhost:3001
20240229	09:25:45	b2d586d7-22f6-4547-aa97-1110bd554ff2	GET	/player/stats/Jayl	http://localhost:3001
20240229	09:25:45	553ecebc-b48b-4981-be18-38d67e70f18c	GET	/player/stats/Jayle	http://localhost:3001
20240229	09:25:46	41188a64-bf41-44a6-b0e3-3ef4cc0aa862	GET	/player/stats/Jaylen	http://localhost:3001
20240229	09:25:46	cbf91014-c42b-48c0-99b1-6acfb0601053	GET	/player/stats/Jaylen%20	http://localhost:3001
20240229	09:25:46	bed24048-fd32-46e1-a5bb-b95f28d73cd7	GET	/player/stats/Jaylen%20B	http://localhost:3001
20240229	09:25:47	d11862ea-86df-4775-abc7-dc7e42320070	GET	/player/stats/Jaylen%20Br	http://localhost:3001
20240229	09:25:47	6288b9c1-8821-40ce-94d9-d38e01a31ec8	GET	/player/stats/Jaylen%20Bro	http://localhost:3001
20240229	09:25:47	ecd8b6b1-88b4-407e-8a21-ac3126f7bb15	GET	/player/stats/Jaylen%20Brow	http://localhost:3001
20240229	09:25:48	5bb54a70-f097-4136-b176-c77edd95a165	GET	/player/stats/Jaylen%20Brown	http://localhost:3001
20240229	09:25:49	c08a8e5c-1b08-48b5-8957-2f199ea014f2	GET	/player/stats/Jaylen%20Brown	http://localhost:3001
20240229	09:25:50	0c9582be-db09-448d-a0ff-a3c6331cb0fa	GET	/player/stats/Jaylen%20Brown	http://localhost:3001
20240229	09:26:08	da8fb93b-a83c-4800-b0ce-88261bf7def1	GET	/player/Jaylen%20Brown	http://localhost:3001
20240229	09:26:15	bb3818a9-a06c-433b-a19d-764c6b6fa5e5	GET	/player/Jaylen%20Brown	http://localhost:3001
20240229	09:26:54	cb10a1b8-2947-427f-be2d-86938336dd21	GET	/player/Jaylen%20Brown	http://localhost:3001
20240229	09:26:57	c0fe0eb7-b570-43ac-a3ff-6dc7c1307ec1	GET	/player/Jaylen%20Brown	http://localhost:3001
20240229	09:27:02	a6e317cd-2c3a-4c17-bd6c-3836baefbbab	GET	/player/Jaylen%20Brown	http://localhost:3001
20240229	09:27:13	368a9884-3b7f-4c77-b8f1-57748f8f0ae2	GET	/player/Jaylen%20Brown	http://localhost:3001
20240229	09:27:16	2eaf6451-02be-44f4-a8ae-a0d7d12c94fc	GET	/player/Jaylen%20Brown	http://localhost:3001
20240229	09:27:23	e9a84e7d-0f6b-4049-b32a-10537eefbd60	GET	/player/Jaylen%20Brown	http://localhost:3001
20240229	09:27:27	2201d1ee-6b20-47fe-a918-87a855d7222b	GET	/player/Jaylen%20Brown	http://localhost:3001
20240229	09:27:33	46e6f15e-139d-482b-afa9-9b95968a0c56	GET	/player/Jaylen%20Brown	http://localhost:3001
20240229	09:27:41	e38c497a-566c-4793-98c1-a97fc34754fc	GET	/player/Jaylen%20Brown	http://localhost:3001
20240229	09:27:50	5dbf3092-7850-41c8-857b-c47329a17c55	GET	/player/Jaylen%20Brown	http://localhost:3001
20240229	09:27:54	d916ed9c-0058-493b-8362-1d01ce43b633	GET	/player/Jaylen%20Brown	http://localhost:3001
20240229	09:28:05	17d81007-f581-41ca-8659-6bd4d88dab43	GET	/player/Jaylen%20Brown	http://localhost:3001
20240229	09:28:19	6f4a910a-5265-4a2d-aea6-04ec179a6d3c	GET	/player/Jaylen%20Brown	http://localhost:3001
20240229	09:28:20	804bdd29-b580-4907-88fa-8c33509a8ff5	GET	/player/Jaylen%20Brown	http://localhost:3001
20240229	09:28:25	15b7874b-49c2-4850-95cf-043d1112e48a	GET	/player/Jaylen%20Brown	http://localhost:3001
20240229	09:28:31	a961f1d2-ddc7-46e0-a2b1-1e565d1b2146	GET	/player/Jaylen%20Brown	http://localhost:3001
20240229	09:28:34	722a57cb-e240-4d1f-8287-919d749e12f4	GET	/player/Jaylen%20Brown	http://localhost:3001
20240229	09:28:39	bc4e197a-12b8-4d9e-8e99-a40198e08d5d	GET	/player/Jaylen%20Brown	http://localhost:3001
20240229	09:28:40	c7679143-5e75-4962-a9d6-a3b171ebbbb1	GET	/player/Jaylen%20Brown	http://localhost:3001
20240229	09:28:44	7fd4a096-399c-420a-9656-0999037e911c	GET	/player/Jaylen%20Brown	http://localhost:3001
20240229	09:28:52	717b3ca9-95c1-4398-8aac-7bb138535f6e	GET	/player/Jaylen%20Brown	http://localhost:3001
20240229	09:29:08	bf564eb4-2a1f-40de-8de4-e949b034db17	GET	/player/Jaylen%20Brown	http://localhost:3001
20240229	09:29:09	9ceb7db0-e380-4351-a867-2f7ae1701fd7	GET	/player/Jaylen%20Brown	http://localhost:3001
20240229	09:29:10	cf40d3e5-e0ee-4065-b50a-dd8d4a7edf82	GET	/player/Jaylen%20Brown	http://localhost:3001
20240229	09:29:18	640c023c-cd4b-4137-bd48-51de3618a5eb	GET	/player/Jaylen%20Brown	http://localhost:3001
20240229	09:29:25	1aea2062-2f21-42d1-a8df-654dee3a30a6	GET	/player/Jaylen%20Brown	http://localhost:3001
20240229	09:29:31	92f20b53-4a46-4a4d-985a-55e6df2c3968	GET	/player/Jaylen%20Brown	http://localhost:3001
20240229	09:29:33	41e834d2-b040-46f5-bae3-cd0fda776e83	GET	/player/Jaylen%20Brown	http://localhost:3001
20240229	09:29:35	21f26232-19e5-4fa1-b46f-b07d65f3b0f0	GET	/player/Jaylen%20Brown	http://localhost:3001
20240229	09:29:37	61b02c6f-e174-4e4d-8575-c28c2b4ae410	GET	/player/Jaylen%20Brown	http://localhost:3001
20240229	09:29:52	93ae3fb0-0c82-47a2-a9d1-7233cf4f5210	GET	/player/Jaylen%20Brown	http://localhost:3001
20240229	09:30:04	9a9a95b9-daa1-48d7-9a57-f6d856ed9391	GET	/player/Jaylen%20Brown	http://localhost:3001
20240229	09:30:10	c611a196-edf5-41ae-9960-46a3b9a7e17b	GET	/player/Jaylen%20Brown	http://localhost:3001
20240229	09:30:18	a8883b97-a57b-4e23-b1e4-46913d70b775	GET	/player/Jaylen%20Brown	http://localhost:3001
20240229	09:30:22	e53e93bb-baa0-4de7-ab39-ea76d41bb98c	GET	/player/Jaylen%20Brown	http://localhost:3001
20240229	09:30:25	a4b82685-fbc5-487a-b41b-879993d03738	GET	/player/Jaylen%20Brown	http://localhost:3001
20240229	09:30:31	af797f21-7168-4714-b7dc-dbabb74700cf	GET	/player/Jaylen%20Brown	http://localhost:3001
20240229	09:30:33	958e34cd-bd2c-43ab-8f57-ac9e3c6d5e5f	GET	/player/Jaylen%20Brown	http://localhost:3001
20240229	09:30:52	fdb7bf96-7eff-427e-b224-1d2cd67e5fdd	GET	/player/Jaylen%20Brown	http://localhost:3001
20240229	09:30:54	e9ba39af-0415-4306-85e7-409370ff9ab2	GET	/player/Jaylen%20Brown	http://localhost:3001
20240229	09:30:59	562b487b-d727-41e3-b6a0-4bff974c6335	GET	/player/Jaylen%20Brown	http://localhost:3001
20240229	09:31:02	b794bee8-37c0-4d7a-9865-67177dd932b8	GET	/player/Jaylen%20Brown	http://localhost:3001
20240229	09:31:09	d29d4f90-2b90-4c24-9fd0-ae37dfba6df5	GET	/player/G	http://localhost:3001
20240229	09:31:09	25920ec5-0e8d-41a2-8043-af2c5c9af34b	GET	/player/Gr	http://localhost:3001
20240229	09:31:10	13d11088-bf6a-4c7b-84dc-8abf2095ec28	GET	/player/Gra	http://localhost:3001
20240229	09:31:10	099c7175-330d-4a1e-a94b-e9a1173f3806	GET	/player/Gray	http://localhost:3001
20240229	09:31:11	7ae8b8fe-d898-45f2-8e10-30e1f5897392	GET	/player/Grays	http://localhost:3001
20240229	09:31:11	26b552e6-83ad-483b-aed2-0f6270655c13	GET	/player/Grayso	http://localhost:3001
20240229	09:31:11	a80d15f3-311a-4395-8bb1-17066b4c7bd3	GET	/player/Grayson	http://localhost:3001
20240229	09:31:11	db50e0e0-b406-4bb9-94e5-9b192ee015e6	GET	/player/Grayson%20	http://localhost:3001
20240229	09:31:12	ca4e6de3-45e9-48b5-b245-ff72dbaee515	GET	/player/Grayson%20A	http://localhost:3001
20240229	09:31:12	3fa458a2-eafe-4f91-bca0-0f0858b592ea	GET	/player/Grayson%20Al	http://localhost:3001
20240229	09:31:12	59404ebc-5d52-4865-9557-b818c5a2500b	GET	/player/Grayson%20All	http://localhost:3001
20240229	09:31:13	c86125e4-ebe0-449b-a42b-02fd59875c5f	GET	/player/Grayson%20Alle	http://localhost:3001
20240229	09:31:13	1bd96d01-615f-4c61-91d1-68d7b09773d2	GET	/player/Grayson%20Allen	http://localhost:3001
20240229	09:31:25	69d5d338-fe0e-41a3-b631-c0ca5fc16de0	GET	/player/A	http://localhost:3001
20240229	09:31:25	ce2235cc-40da-4b68-a16c-3139df2ca3e3	GET	/player/An	http://localhost:3001
20240229	09:31:25	8d038cf9-30fa-4019-ba9f-224634393240	GET	/player/Ant	http://localhost:3001
20240229	09:31:25	2758fda2-7dee-4aac-8a16-9b80032ffd88	GET	/player/Anth	http://localhost:3001
20240229	09:31:26	208d2859-5f76-4388-9758-66f007503db9	GET	/player/Antho	http://localhost:3001
20240229	09:31:26	7deb3d58-baff-418e-b926-2fe433ea9997	GET	/player/Anthon	http://localhost:3001
20240229	09:31:27	4545225c-037f-497e-a82b-694b49574256	GET	/player/Anthony	http://localhost:3001
20240229	09:31:27	45929d55-acb7-4a1d-a6de-0ea987b4c179	GET	/player/Anthony%20	http://localhost:3001
20240229	09:31:28	650182f8-b886-4daf-a10f-05aa008e046d	GET	/player/Anthony%20D	http://localhost:3001
20240229	09:31:28	197e7b1e-f433-4914-aa93-f26f0e9e72ac	GET	/player/Anthony%20Da	http://localhost:3001
20240229	09:31:28	27a462b0-815a-476f-bf33-e37df8468e32	GET	/player/Anthony%20Dav	http://localhost:3001
20240229	09:31:29	ae852f71-e6f4-44fc-8e39-348118b5e667	GET	/player/Anthony%20Davi	http://localhost:3001
20240229	09:31:29	cf3167c4-816d-47d4-976f-c5bc83fe227a	GET	/player/Anthony%20Davis	http://localhost:3001
20240229	09:34:27	83dca16b-1089-4af0-83c5-462c027c4c02	POST	/auth	http://localhost:3001
20240229	09:34:31	06747533-5289-491a-be2a-38fad9825cf8	POST	/auth	http://localhost:3001
20240229	09:34:41	380468dc-8dab-4666-88ab-d1d96d6c42aa	POST	/auth	http://localhost:3001
20240229	09:49:16	a5a9e128-8d2d-4d29-9462-582f156994e8	GET	/player/J	http://localhost:3001
20240229	09:49:16	e3ecd56b-04ee-4869-b80a-5e7080632388	GET	/player/Ja	http://localhost:3001
20240229	09:49:17	e16d816f-c9d2-41c7-bebe-e0a8a4949127	GET	/player/Jay	http://localhost:3001
20240229	09:49:18	32ba0490-b2ce-4685-b01e-99858a5718f3	GET	/player/Jayl	http://localhost:3001
20240229	09:49:18	2286df9c-57bf-4e09-98ca-4719c24d718d	GET	/player/Jayle	http://localhost:3001
20240229	09:49:18	efca6057-ac84-40c6-9443-57c17e121c3a	GET	/player/Jaylen	http://localhost:3001
20240229	09:49:18	1fbdabba-c74e-4d2d-9e7b-b1989b853013	GET	/player/Jaylen%20	http://localhost:3001
20240229	09:49:19	b6738716-1396-469c-88da-6b6a60354465	GET	/player/Jaylen%20B	http://localhost:3001
20240229	09:49:19	8600a1cb-732d-4bb8-9756-719def310cf6	GET	/player/Jaylen%20Br	http://localhost:3001
20240229	09:49:20	2e98bff0-5b50-4a23-ac90-5807337bbf7e	GET	/player/Jaylen%20Bro	http://localhost:3001
20240229	09:49:20	105f31ff-2214-432c-a1a4-2fde90508312	GET	/player/Jaylen%20Brow	http://localhost:3001
20240229	09:49:20	d9bdec90-20b1-4ded-8b3f-4f2246c62d65	GET	/player/Jaylen%20Brown	http://localhost:3001
20240229	10:36:54	b0819d4a-f309-4f7d-abc1-bb35157dead0	GET	/player/Jaylen%20Brown	http://localhost:3001
20240229	10:37:17	46db0773-ac6c-47ba-b97d-435da5baed4e	GET	/player/Jaylen%20Brown	http://localhost:3001
20240229	10:37:23	2eebcb1e-3648-45cc-bead-a7277b506f20	GET	/player/Jaylen%20Brown	http://localhost:3001
20240229	10:37:32	e6f3aa11-d731-4e7a-9e33-3015275bc0a7	GET	/player/Jaylen%20Brown	http://localhost:3001
20240229	10:38:00	0f60f555-7b58-45b7-8619-b1b33e7d3e49	GET	/player/Jaylen%20Brown	http://localhost:3001
20240229	10:38:08	0df9597a-63dd-41a3-b733-04eef084450c	GET	/player/Jaylen%20Brown	http://localhost:3001
20240229	10:38:10	69c119fc-34e0-477c-8c66-0f568a3e4ab9	GET	/player/Jaylen%20Brown	http://localhost:3001
20240229	10:38:13	e4b04c15-4085-44ae-a3ce-4e5ddce483dc	GET	/player/Jaylen%20Brown	http://localhost:3001
20240229	10:38:17	d1d5491b-c96e-4d39-bb41-282dbb111303	GET	/player/Jaylen%20Brown	http://localhost:3001
20240229	10:38:19	86d971e0-fddb-40c5-8e99-431bee276ac3	GET	/player/Jaylen%20Brown	http://localhost:3001
20240229	10:38:21	1f209800-e036-4c24-884a-d8d68c8380fe	GET	/player/Jaylen%20Brown	http://localhost:3001
20240229	10:38:26	b8379361-fbed-4097-a443-96dd32768a71	GET	/player/Jaylen%20Brown	http://localhost:3001
20240229	10:38:27	189ebd33-0c2e-4b30-b6f4-035fe5a72e4a	GET	/player/Jaylen%20Brown	http://localhost:3001
20240229	10:40:09	80a7ea10-376f-4d55-9d3f-54422ae67a4d	GET	/player/Jaylen%20Brown	http://localhost:3001
20240229	10:40:36	04e52278-0ec9-40b3-804a-a91dd05a6fea	GET	/player/Jaylen%20Brown	http://localhost:3001
20240229	10:40:38	e4bdb207-b788-4155-951c-05e198050e1d	GET	/player/Jaylen%20Brown	http://localhost:3001
20240229	10:42:57	4dee35ad-f264-4cd2-a0d9-89ee36237684	GET	/player/Jaylen%20Brown	http://localhost:3001
20240229	10:42:58	2b3c80be-b3a2-46a4-aed9-94705e26f4db	GET	/player/Jaylen%20Brown	http://localhost:3001
20240229	10:43:03	0ef1d902-6c64-4bf9-825e-0e8427c843e6	GET	/player/Jaylen%20Brown	http://localhost:3001
20240229	10:43:05	fec6a1aa-bdd4-401b-9612-df5ca20b7555	GET	/player/Jaylen%20Brown	http://localhost:3001
20240229	10:43:16	a916f2ce-8ca6-497b-a040-5232ce2d831c	GET	/player/Jaylen%20Brown	http://localhost:3001
20240229	10:43:21	4d926be8-0a5e-47d6-8c5b-ebb5a5103580	GET	/player/Jaylen%20Brown	http://localhost:3001
20240229	10:43:31	6882285b-776f-4a52-8b6f-7ed0340232a1	GET	/player/Jaylen%20Brown	http://localhost:3001
20240229	10:43:37	9359f9d1-a342-45f7-868a-6d27d7f42fb3	GET	/player/Jaylen%20Brown	http://localhost:3001
20240229	11:13:02	14f6fb1b-13fb-4eb9-a46b-3a84427d56f4	POST	/auth	http://localhost:3001
20240229	11:13:10	6893babf-003b-41e4-a913-a0086e6ecc95	GET	/avg/PG	http://localhost:3001
20240229	11:23:23	e0f24a0f-51ff-4162-9e6a-aa68eb1ae7f1	POST	/auth	http://localhost:3001
20240229	14:15:49	9ad69611-44cb-4d78-b054-117e2b95967c	POST	/auth	http://localhost:3001
20240229	15:44:32	fb26ea11-1e76-4d43-9b7b-43fff699d589	POST	/auth	http://localhost:3001
20240229	15:59:50	0c7387e3-d429-4e9d-bbf6-17fecd4b784a	POST	/auth	http://localhost:3001
20240303	12:02:28	f30512d5-5810-4ebe-987e-c5a25bc52869	POST	/auth	http://localhost:3001
20240304	18:45:31	b3746708-fae6-45a1-bfa1-083cc7b0d2e6	POST	/auth	http://localhost:3001
20240304	18:50:35	7201b59d-f088-4bf4-8be3-7afafbafbd8c	POST	/auth	http://localhost:3001
20240304	18:50:36	ac8fc02a-5a38-426f-a5ea-fa447fd2d388	POST	/auth	http://localhost:3001
20240304	18:57:14	9ce39c8a-15a0-4d50-a1d6-737bb233e919	POST	/auth	http://localhost:3001
20240304	18:57:44	ed0dc805-348f-4215-9e10-1532edd018f6	POST	/auth	http://localhost:3001
20240304	19:02:29	50b751ee-001c-4884-8ec1-780ad47fb22b	POST	/auth	http://localhost:3001
20240304	19:05:44	ad116ca7-f1c4-488e-b3bf-c35452fb0bd2	POST	/auth	http://localhost:3001
20240304	19:05:45	18a1ffa0-602b-46df-9b5e-7056b57c5676	POST	/auth	http://localhost:3001
20240304	19:05:47	b7815738-9ea1-4640-96e7-8e6e88a51b93	POST	/auth	http://localhost:3001
20240304	19:05:47	b2f7ad05-593c-41e3-820e-9f5bb518ec98	POST	/auth	http://localhost:3001
20240304	19:05:48	e183f9cd-76fc-4f2b-89af-cb00c62968a5	POST	/auth	http://localhost:3001
20240304	19:05:49	0d6db351-8d6b-457e-bdb9-6b8270fdb8ff	POST	/auth	http://localhost:3001
20240304	19:13:05	89e7523e-271d-4352-8ba4-c85989dcebed	POST	/auth	http://localhost:3001
20240304	19:18:33	ff17727b-03ce-4333-b618-d944de0e2cb6	POST	/auth/register	http://localhost:3001
20240304	19:22:03	fcaa0c5f-d944-4443-9b13-edf7ba414845	POST	/auth/register	http://localhost:3001
20240304	19:22:21	b08368c9-dcd6-4b3c-9715-5fb2ecb4d62d	POST	/auth	http://localhost:3001
20240304	19:22:23	74e5f495-eb32-4427-821b-70a33279ef94	POST	/auth	http://localhost:3001
20240304	19:22:24	00a89565-1286-442d-952b-042b45a23843	POST	/auth	http://localhost:3001
20240304	19:23:32	85f78af2-e0f2-426e-807b-f26e8171ddb3	POST	/auth/register	http://localhost:3001
20240304	19:32:55	066c0b42-ad1e-418f-9862-3838cc2a3d35	POST	/auth/register	http://localhost:3001
20240304	19:35:48	b51e4b85-5810-4a34-97ea-55576509a9d6	POST	/auth	http://localhost:3001
20240304	19:35:50	338001d5-282a-45a5-b1d3-0d6dca44ed3c	POST	/auth	http://localhost:3001
20240304	19:35:51	73df6332-d586-49c4-8808-b926b2d7aeca	POST	/auth	http://localhost:3001
20240304	19:39:45	377828a2-b30c-4bc1-9a69-f51656bad693	POST	/auth	http://localhost:3001
20240304	19:40:02	9c09ce81-6cb3-4492-a31f-13a1f3be75d1	POST	/auth	http://localhost:3001
20240304	19:40:59	a69f331c-84d6-4196-95f3-acb63d913462	POST	/auth	http://localhost:3001
20240304	19:49:52	8b3c415e-ed8e-477e-8d23-606f1eabc6bf	POST	/auth	http://localhost:3001
20240304	19:50:39	a3ac9fcf-7f3d-4e14-a933-77366a42bafe	POST	/auth/register	http://localhost:3001
20240304	20:01:04	b5ac364c-a161-48b1-b74b-34a2bd9b5732	POST	/auth	http://localhost:3001
20240304	20:02:29	d6f28b4e-565c-482f-b77b-d9cc12f13aaf	POST	/auth/register	http://localhost:3001
20240304	20:02:53	91586863-14d5-4f3d-b7ca-c164189d18fe	POST	/auth	http://localhost:3001
20240304	20:17:00	af00fc92-9253-44c7-aed8-ba99e081942f	POST	/auth	http://localhost:3001
20240304	21:13:09	3c6358e3-62f0-437f-9016-54799d092534	POST	/auth	http://localhost:3001
20240305	01:01:18	2b13aedf-c7da-465f-9376-721dc28b5869	POST	/auth	http://localhost:3001
20240305	05:57:38	8c3522a9-a74e-42b3-bc09-1d8c7d710517	POST	/auth	http://localhost:3001
20240305	06:41:05	fe95bbf9-810b-4b51-a37c-276002f916fe	POST	/auth	http://localhost:3001
20240305	06:42:16	d1ce20d0-80a7-40fc-8bff-a36b97541b0a	POST	/auth	http://localhost:3001
20240305	06:42:53	b9057f40-5f87-4a1f-9f9b-603fce620057	POST	/auth	http://localhost:3001
20240305	06:43:42	1f4f5a66-e1d1-4532-952f-595bb87f775b	POST	/auth	http://localhost:3001
20240305	06:47:19	32b8aaf4-9bd7-4ead-88d2-153a37f7a5c8	POST	/auth	http://localhost:3001
20240305	07:41:21	6cc62e87-27a9-49e8-84ef-56922e057b41	POST	/auth	http://localhost:3001
20240305	08:07:01	6ec286e8-523d-4eb6-8918-ead028d146ab	POST	/auth	http://localhost:3001
20240305	08:27:23	20e504f6-1361-471b-b6bb-43212a824ef4	GET	/player/function%20encodeURIComponent()%20%7B%20[native%20code]%20%7D(playerName)	http://localhost:3001
20240305	08:29:05	404f973c-3e43-41cb-aaf5-c4d0191297f0	GET	/player/Jaylen%20Brown	http://localhost:3001
20240305	08:29:06	4d243f09-165a-49cb-aee6-6e4dc8b267ff	GET	/player/Jaylen%20Brown	http://localhost:3001
20240305	08:29:06	af943b46-3e5d-42ab-b32d-c07299d8906f	GET	/player/Jaylen%20Brown	http://localhost:3001
20240305	08:29:07	1b903f7f-0cc1-4060-ab3a-ec5ec7e1010b	GET	/player/Jaylen%20Brown	http://localhost:3001
20240305	08:30:56	53881b68-ae19-47da-970a-3f619af9dd81	GET	/player/Jaylen%20Brown	http://localhost:3001
20240305	08:30:57	1e7d5b0b-a49a-4b09-9506-dcccc70e6acf	GET	/player/Jaylen%20Brown	http://localhost:3001
20240305	08:30:57	5ae0b3c5-7b8f-4c70-80c0-ec9b01f4021c	GET	/player/Jaylen%20Brown	http://localhost:3001
20240305	08:50:33	736b2216-d877-48e1-8971-5364ef6e7ffc	POST	/auth	http://localhost:3001
20240305	08:50:42	26a89511-4c8b-4ba0-8fcf-0752597bbb87	GET	/player/Jaylen%20Brown	http://localhost:3001
20240305	08:53:16	c2c0da2a-4df4-4029-bbe5-d18880e0aa9b	GET	/player/Jaylen%20Brown	http://localhost:3001
20240305	08:53:17	d1621492-896e-42ad-a115-70fcc7c9df39	GET	/player/Jaylen%20Brown	http://localhost:3001
20240305	08:53:56	7e92f8c3-67b8-4492-883b-85541c3323a3	GET	/player/	http://localhost:3001
20240305	08:54:13	685746d4-abbc-4614-b960-7370f0bd2247	GET	/player/Jaylen%20Brown	http://localhost:3001
20240305	08:57:10	b3dbb175-9ea6-43f9-921b-b21b8d89788c	GET	/player/Jaylen%20Brown	http://localhost:3001
20240305	08:57:11	d3041538-fdae-4b18-a1df-d0764cadf3bb	GET	/player/Jaylen%20Brown	http://localhost:3001
20240305	08:57:12	7d1897ad-f79f-4191-91b6-7d1f23aae7e1	GET	/player/Jaylen%20Brown	http://localhost:3001
20240305	08:58:23	e634fed0-7532-4979-976b-378a211f1e43	GET	/player/Jaylen%20Brown	http://localhost:3001
20240305	08:58:24	e1aaf71e-45b0-4701-9147-d02dec06051b	GET	/player/Jaylen%20Brown	http://localhost:3001
20240305	08:59:46	8dc34b17-7aa3-47ff-a18e-d25529e6f6d3	GET	/player/Jaylen%20Brown	http://localhost:3001
20240305	09:03:25	3a5cdda0-2286-4c0d-bca9-804c05c6177d	GET	/player/Jaylen%20Brown	http://localhost:3001
20240305	09:04:54	78106fdb-1bdc-485b-997e-868537db9985	GET	/player/Jaylen%20Brown	http://localhost:3001
20240305	10:52:03	868575d3-7cd2-410c-8de2-60764664182a	POST	/auth	http://localhost:3001
20240305	10:52:06	e79a7043-6834-455c-9ca2-5efa1a976453	GET	/player/Jaylen%20Brown	http://localhost:3001
20240305	10:52:35	dac38dd0-de37-402a-b688-47c094b45b29	GET	/player/Jaylen%20Brown	http://localhost:3001
20240305	10:55:47	e4629582-1f46-496f-ae65-9b5578cb0a76	GET	/player/Jaylen%20Brown	http://localhost:3001
20240305	11:05:46	73548d69-1a78-4926-8a69-4badc196044c	GET	/player/Bam%20Adebayo	http://localhost:3001
20240305	11:06:02	1a9e92cf-c8c2-4290-b72f-415a7220011c	GET	/player/Grayson%20Allen	http://localhost:3001
20240305	11:15:52	74025d5d-6483-4fd6-a682-8837b4861b0d	GET	/player/Jaylen%20Brown	http://localhost:3001
20240305	11:17:52	24dd1973-489a-4030-8d0d-7891de64f57e	GET	/player/Grayson%20Allen	http://localhost:3001
20240305	11:25:34	68a2820e-3c2e-4dce-96ed-6677937fdb14	GET	/player/Jaylen%20Brown	http://localhost:3001
20240305	11:29:14	7eb2786b-e7c0-4f14-8794-4ea5690f2cd1	GET	/player/Jaylen%20Brown	http://localhost:3001
20240305	11:29:28	079161a6-ffb3-45c4-b5e6-1c7d16dcffa6	GET	/player/Grayson%20Allen	http://localhost:3001
20240305	11:30:41	d5199c33-922d-4dc8-9de6-4521ea527273	GET	/player/Jaylen%20Brown	http://localhost:3001
20240305	11:30:42	a99f1e94-3354-4577-84f0-f41d213cfc73	GET	/player/Jaylen%20Brown	http://localhost:3001
20240305	11:30:54	734a9507-c384-40fc-aa23-fb9acefb5e1e	GET	/player/Anthony%20Davis	http://localhost:3001
20240305	11:31:07	ab29bfad-258c-4b32-b461-07b6f5fca7ee	GET	/player/BamAdebayo	http://localhost:3001
20240305	11:31:14	8aad72a1-793e-4c2c-b863-8c09a5a5a05d	GET	/player/Bam%20Adebayo	http://localhost:3001
20240305	11:34:38	d9078fc8-9d8d-4c15-88a1-45a0bed63d2b	GET	/player/Jaylen%20Brown	http://localhost:3001
20240305	11:34:48	f94069e2-b845-4380-8924-2b43ff5899d2	GET	/player/Grayson%20Allen	http://localhost:3001
20240305	11:38:40	97b264fa-de11-4b57-bb59-1a97fc54a896	GET	/player/Grayson%20Allen	http://localhost:3001
20240305	11:41:09	1917f59b-f436-46dd-9a79-cdb90ca3e581	GET	/player/Jaylen%20Brown	http://localhost:3001
20240305	11:41:20	f15159f9-4f06-4a34-bf77-4637ef3f2d60	POST	/auth	http://localhost:3001
20240305	11:41:23	55042028-40bb-4836-b0a9-94a7c26c7557	GET	/player/Jaylen%20Brown	http://localhost:3001
20240305	11:41:38	554d524a-1e6f-467a-ab2d-607b05472ace	POST	/auth	http://localhost:3001
20240305	11:41:45	8453109d-77b0-45c1-a527-4762f0f37bda	POST	/auth	http://localhost:3001
20240305	11:42:27	103acf2f-11d9-4711-809e-bca10ec0829f	GET	/player/Grayson%20Allen	http://localhost:3001
20240305	11:43:20	3a260215-93a8-47ec-aeec-bceb92df3fb4	GET	/player/Grayson%20Allen	http://localhost:3001
20240305	11:43:30	c3b75c7d-f454-4007-9900-4a1aeb62baab	POST	/auth	http://localhost:3001
20240305	11:43:34	444124d5-a7d0-4066-9ccb-d0707efb05dc	GET	/player/Grayson%20Allen	http://localhost:3001
20240305	11:43:59	bf49ce17-0b3f-4d16-84c6-da48f1ef59d0	GET	/player/Jaylen%20Brown	http://localhost:3001
20240305	11:47:41	2ba7b534-14f2-4277-a98e-1b764e6e603c	GET	/player/Jaylen%20Brown	http://localhost:3001
20240305	12:00:56	721f5100-a284-4957-9e9e-3baeb39baf3d	GET	/player/Jaylen%20Brown	http://localhost:3001
20240305	12:05:50	8d589154-a2be-45a8-b242-78a7f01f8946	POST	/auth	http://localhost:3001
20240305	12:07:43	e06b2f7e-68d0-4e25-b906-c19f479c8a93	POST	/auth	http://localhost:3001
20240305	12:09:55	a4adf850-bd68-4407-8f09-3e45bda2bc80	POST	/auth	http://localhost:3001
20240305	12:12:49	a40d02d5-d121-4cdb-b06f-cd97eae8dadb	GET	/player/Jaylen%20Brown	http://localhost:3001
20240305	12:13:03	7d4f964f-a15c-4c82-916a-fb2035bbc626	GET	/player/Grayson%20Allen	http://localhost:3001
20240305	12:13:50	c55553b7-3620-4a78-bb7c-d5764dea59cf	GET	/player/Bam%20Adebayo	http://localhost:3001
20240305	12:29:22	8aced392-e26e-4409-a513-044f52f7db1a	POST	/auth	http://localhost:3001
20240305	12:29:24	ca61d32c-bc51-4c36-800a-903235a41e98	GET	/player/Jaylen%20Brown	http://localhost:3001
20240305	12:39:50	66bd51f6-6d1a-4534-9493-5381130e24ca	GET	/player/Jaylen%20Brown	http://localhost:3001
20240305	12:40:55	0beefef8-f629-4ad7-94f8-0ccd60552de8	POST	/auth	http://localhost:3001
20240305	13:00:06	8e44fe3f-dd88-4cfa-95e2-ae8cb0fcedd3	POST	/auth	http://localhost:3001
20240305	13:02:12	7ca8e42d-fe85-4e8d-984a-f1b28e71bd07	POST	/auth	http://localhost:3001
20240305	13:02:52	35f008e2-4f07-4e27-a1d1-ecf3a799ef57	POST	/auth	http://localhost:3001
20240305	13:04:42	bb265911-4d5e-4f70-b737-06fde71b0490	POST	/auth	http://localhost:3001
20240305	13:05:38	ae37ab78-0a4f-47ed-930b-22418cda1950	POST	/auth	http://localhost:3001
20240305	13:06:24	3947b804-2822-430b-ae00-3ad3fd382d5c	POST	/auth	http://localhost:3001
20240305	13:06:49	ad8b4bcd-9b89-4be3-9654-45a9626afe48	POST	/auth	http://localhost:3001
20240305	13:06:56	b930e892-f6ab-4055-9789-bfc6cfd94ebb	GET	/player/Jaylen%20Brown	http://localhost:3001
20240305	13:10:47	fbea78de-bfa7-4441-b2b0-2bb101dc799a	POST	/auth	http://localhost:3001
20240305	13:14:57	4619013e-c960-4c5a-96d6-ae8f5fec1d90	POST	/auth	http://localhost:3001
20240305	13:15:07	10cf631b-ce29-4f93-b289-212d059be10c	POST	/auth	http://localhost:3001
20240305	13:15:16	ff44e9e3-171a-494d-94d8-3ce01b121eca	POST	/auth	http://localhost:3001
20240305	13:16:16	1716161c-3d73-48ba-9bbd-3e105dff0f84	POST	/auth	http://localhost:3001
20240305	13:17:34	49328ebe-014a-4f88-bdf4-159a7efa60fb	POST	/auth	http://localhost:3001
20240305	13:17:56	b2195d3b-ba3c-4c7a-8d71-c2dda85db59b	POST	/auth	http://localhost:3001
20240305	13:18:21	e7137d4b-0c09-428c-a695-bcfae2fc3ea5	POST	/auth	http://localhost:3001
20240305	13:19:41	cb50749c-879d-4354-93a6-1b7360bb2a24	POST	/auth	http://localhost:3001
20240305	13:20:21	4ccf538d-43c1-47d9-963a-c384b633eae6	POST	/auth	http://localhost:3001
20240305	13:25:46	365ea040-088c-4391-ae0a-ca0852420a50	POST	/auth	http://localhost:3001
20240305	13:25:53	a43c2cda-705e-45bf-94ca-16358f36e01e	POST	/auth	http://localhost:3001
20240305	13:39:15	f6f20614-1120-474c-b594-ae6d5e671358	GET	/avgStats/PG	http://localhost:3001
20240305	13:39:22	c1aac0e5-9c6c-4bb4-bc90-ad0519f0489b	GET	/avgStats/SG	http://localhost:3001
20240305	13:39:26	5016fe38-c065-48fa-b9e2-3bd9bd78f4a3	GET	/player/Jaylen%20Brown	http://localhost:3001
20240305	13:39:31	d965ed81-f700-4aa5-9169-7da838e18989	GET	/avgStats/PF	http://localhost:3001
20240305	13:41:37	9c570a64-2114-42ea-9764-2379ecda1d7e	GET	/player/Jaylen%20Brown	http://localhost:3001
20240305	13:41:45	11c2dfb5-d090-41b9-9f71-507d5f1458cd	GET	/avg/SF	http://localhost:3001
20240305	13:43:29	5e3026c3-b264-4d34-8ee8-fb9e940f916a	GET	/avg/SG	http://localhost:3001
20240305	13:43:32	8237c2ad-20c6-446f-9b2e-4f1fd95016bb	GET	/avg/SF	http://localhost:3001
20240305	13:54:33	a1e5e431-cfce-4460-b9cb-b1a0e2adf593	GET	/avg/PG	http://localhost:3001
20240305	13:54:44	4cbf348d-033e-406d-96fa-b0790dcf5dc1	GET	/player/Jaylen%20Brown	http://localhost:3001
20240305	13:55:02	ed1c06a1-3b3e-49d8-a680-b041f62a555f	GET	/avg/SG	http://localhost:3001
20240305	13:55:34	a7ced463-f71d-4a1f-adf3-a2bdb59a26ed	GET	/player/Jaylen%20Brown	http://localhost:3001
20240305	13:59:56	cf9a2554-22e0-4318-9e73-24baf7f54872	POST	/auth	http://localhost:3001
20240305	14:00:00	80c884d8-ecd2-4f5a-9ea1-9b25514e567f	GET	/player/Jaylen%20Brown	http://localhost:3001
20240305	14:00:05	d4a6e0ef-838a-422f-8ec9-0c354f7c025d	GET	/avg/PG	http://localhost:3001
20240305	14:13:27	8cac6d14-207e-42cc-aa55-4e36308b28a5	GET	/avg/PG	http://localhost:3001
20240305	14:13:30	b6819c6b-ee0f-46d9-a37e-480d70d82800	GET	/player/Jaylen%20Brown	http://localhost:3001
20240305	14:28:31	a9b16740-7754-4717-9c0b-eceab75bd477	GET	/player/Jaylen%20Brown	http://localhost:3001
20240305	14:28:32	4cd3663a-2e00-415d-ad37-2a19635af27c	GET	/player/Jaylen%20Brown	http://localhost:3001
